Using pre-set license
Built from '2020.3/release' branch; Version is '2020.3.12f1 (b3b2c6512326) revision 11776710'; Using compiler version '192528614'; Build Type 'Release'
OS: 'Windows 10 Home; OS build 19043.1110; Version 2009; 64bit' Language: 'de' Physical Memory: 16226 MB
BatchMode: 1, IsHumanControllingUs: 0, StartBugReporterOnCrash: 0, Is64bit: 1, IsPro: 0

 COMMAND LINE ARGUMENTS:
C:\Program Files\Unity\2020.3.12f1\Editor\Unity.exe
-adb2
-batchMode
-noUpm
-name
AssetImportWorker0
-projectPath
F:/Schule/Fachhochschule Schmalkhalden/8. Semester/AR-VR/VR-AR-Project/unity/VR-AR-Project
-logFile
Logs/AssetImportWorker0.log
-srvPort
52443
Successfully changed project path to: F:/Schule/Fachhochschule Schmalkhalden/8. Semester/AR-VR/VR-AR-Project/unity/VR-AR-Project
F:/Schule/Fachhochschule Schmalkhalden/8. Semester/AR-VR/VR-AR-Project/unity/VR-AR-Project
Using Asset Import Pipeline V2.
Refreshing native plugins compatible for Editor in 34.26 ms, found 5 plugins.
Preloading 0 native plugins for Editor in 0.00 ms.
Initialize engine version: 2020.3.12f1 (b3b2c6512326)
[Subsystems] Discovering subsystems at path C:/Program Files/Unity/2020.3.12f1/Editor/Data/Resources/UnitySubsystems
[Subsystems] Discovering subsystems at path F:/Schule/Fachhochschule Schmalkhalden/8. Semester/AR-VR/VR-AR-Project/unity/VR-AR-Project/Assets
GfxDevice: creating device client; threaded=0
Direct3D:
    Version:  Direct3D 11.0 [level 11.1]
    Renderer: NVIDIA GeForce RTX 2080 Ti (ID=0x1e07)
    Vendor:   
    VRAM:     11049 MB
    Driver:   27.21.14.5671
Initialize mono
Mono path[0] = 'C:/Program Files/Unity/2020.3.12f1/Editor/Data/Managed'
Mono path[1] = 'C:/Program Files/Unity/2020.3.12f1/Editor/Data/MonoBleedingEdge/lib/mono/unityjit'
Mono config path = 'C:/Program Files/Unity/2020.3.12f1/Editor/Data/MonoBleedingEdge/etc'
Using monoOptions --debugger-agent=transport=dt_socket,embedding=1,server=y,suspend=n,address=127.0.0.1:56260
Begin MonoManager ReloadAssembly
Registering precompiled unity dll's ...
Register platform support module: C:/Program Files/Unity/2020.3.12f1/Editor/Data/PlaybackEngines/WindowsStandaloneSupport/UnityEditor.WindowsStandalone.Extensions.dll
Registered in 0.001386 seconds.
Native extension for WindowsStandalone target not found
Refreshing native plugins compatible for Editor in 31.84 ms, found 5 plugins.
Preloading 0 native plugins for Editor in 0.00 ms.
Mono: successfully reloaded assembly
- Completed reload, in  0.779 seconds
Platform modules already initialized, skipping
Registering precompiled user dll's ...
Registered in 0.002979 seconds.
Begin MonoManager ReloadAssembly
Native extension for WindowsStandalone target not found
Refreshing native plugins compatible for Editor in 0.45 ms, found 5 plugins.
Preloading 0 native plugins for Editor in 0.00 ms.
Mono: successfully reloaded assembly
- Completed reload, in  0.943 seconds
Platform modules already initialized, skipping
========================================================================
Worker process is ready to serve import requests
Launched and connected shader compiler UnityShaderCompiler.exe after 0.03 seconds
Refreshing native plugins compatible for Editor in 0.45 ms, found 5 plugins.
Preloading 0 native plugins for Editor in 0.00 ms.
Unloading 2118 Unused Serialized files (Serialized files now loaded: 0)
System memory in use before: 96.0 MB.
System memory in use after: 96.1 MB.

Unloading 88 unused Assets to reduce memory usage. Loaded Objects now: 2548.
Total: 2.157100 ms (FindLiveObjects: 0.161700 ms CreateObjectMapping: 0.062800 ms MarkObjects: 1.815800 ms  DeleteObjects: 0.116000 ms)

AssetImportParameters requested are different than current active one (requested -> active):
  custom:framework-win-MediaFoundation: 216162199b28c13a410421893ffa2e32 -> 
  custom:video-decoder-ogg-theora: a1e56fd34408186e4bbccfd4996cb3dc -> 
  custom:container-muxer-webm: aa71ff27fc2769a1b78a27578f13a17b -> 
  custom:container-demuxer-webm: 4f35f7cbe854078d1ac9338744f61a02 -> 
  custom:container-demuxer-ogg: 62fdf1f143b41e24485cea50d1cbac27 -> 
  custom:video-encoder-webm-vp8: eb34c28f22e8b96e1ab97ce403110664 -> 
  custom:video-decoder-webm-vp8: 9c59270c3fd7afecdb556c50c9e8de78 -> 
  custom:audio-decoder-ogg-vorbis: bf7c407c2cedff20999df2af8eb42d56 -> 
  custom:audio-encoder-webm-vorbis: bf7c407c2cedff20999df2af8eb42d56 -> 
========================================================================
Received Import Request.
  path: Assets
  artifactKey: Guid(00000000000000001000000000000000) Importer(815301076,1909f56bfc062723c751e8b465ee728b)
Start importing Assets using Guid(00000000000000001000000000000000) Importer(815301076,1909f56bfc062723c751e8b465ee728b)  -> (artifact id: '42d402b061de3733987d63b9cc3b64de') in 0.076685 seconds 
  Import took 0.115084 seconds .

========================================================================
Received Import Request.
  Time since last request: 19.795438 seconds.
  path: Assets/Claymore.fbx
  artifactKey: Guid(0e9697be3370f8c4d82771be852a7091) Importer(815301076,1909f56bfc062723c751e8b465ee728b)
Start importing Assets/Claymore.fbx using Guid(0e9697be3370f8c4d82771be852a7091) Importer(815301076,1909f56bfc062723c751e8b465ee728b)  -> (artifact id: 'e733ccb9dfee59158a537fd9e94ffeda') in 0.218855 seconds 
  Import took 0.237075 seconds .

========================================================================
Received Import Request.
  Time since last request: 72.895022 seconds.
  path: Assets/Materials
  artifactKey: Guid(cf81c93a27ced1e4fae01db6e7f6c541) Importer(815301076,1909f56bfc062723c751e8b465ee728b)
Start importing Assets/Materials using Guid(cf81c93a27ced1e4fae01db6e7f6c541) Importer(815301076,1909f56bfc062723c751e8b465ee728b)  -> (artifact id: 'a013bb75fa61dfb62d4e466f9eb6a905') in 0.022089 seconds 
  Import took 0.095721 seconds .

========================================================================
Received Import Request.
  Time since last request: 0.000220 seconds.
  path: Assets/Materials/Grid_LightGray.mat
  artifactKey: Guid(5cce3929644e85845b6c7897c4b6f256) Importer(815301076,1909f56bfc062723c751e8b465ee728b)
Start importing Assets/Materials/Grid_LightGray.mat using Guid(5cce3929644e85845b6c7897c4b6f256) Importer(815301076,1909f56bfc062723c751e8b465ee728b)  -> (artifact id: '24875afb7e4868304e3c621df38487ef') in 0.053350 seconds 
  Import took 0.056865 seconds .

========================================================================
Received Import Request.
  Time since last request: 0.000223 seconds.
  path: Assets/Materials/red.mat
  artifactKey: Guid(0e68dcc23eb3d9a4d906a961108fad32) Importer(815301076,1909f56bfc062723c751e8b465ee728b)
Start importing Assets/Materials/red.mat using Guid(0e68dcc23eb3d9a4d906a961108fad32) Importer(815301076,1909f56bfc062723c751e8b465ee728b)  -> (artifact id: '5640b4ed598ad85e9abd63aba80013fa') in 0.059991 seconds 
  Import took 0.084905 seconds .

========================================================================
Received Import Request.
  Time since last request: 0.000269 seconds.
  path: Assets/Materials/Grid_DarkGray.mat
  artifactKey: Guid(cbf6b2076d4d63041bd56e110811b2b6) Importer(815301076,1909f56bfc062723c751e8b465ee728b)
Start importing Assets/Materials/Grid_DarkGray.mat using Guid(cbf6b2076d4d63041bd56e110811b2b6) Importer(815301076,1909f56bfc062723c751e8b465ee728b)  -> (artifact id: 'aef72da7fe2a7f78d49653af62f05c5f') in 0.050489 seconds 
  Import took 0.053249 seconds .

========================================================================
Received Import Request.
  Time since last request: 0.000234 seconds.
  path: Assets/Materials/gray.mat
  artifactKey: Guid(25a3c36fefd9ab14eb8dda0e9c18fbb7) Importer(815301076,1909f56bfc062723c751e8b465ee728b)
Start importing Assets/Materials/gray.mat using Guid(25a3c36fefd9ab14eb8dda0e9c18fbb7) Importer(815301076,1909f56bfc062723c751e8b465ee728b)  -> (artifact id: 'b62fd9324e03b99ca5b6cebc64005d5a') in 0.045218 seconds 
  Import took 0.048153 seconds .

========================================================================
Received Import Request.
  Time since last request: 0.000213 seconds.
  path: Assets/Materials/Grid_Default.mat
  artifactKey: Guid(97be05831c06b3a4c83bbd255b1b5086) Importer(815301076,1909f56bfc062723c751e8b465ee728b)
Start importing Assets/Materials/Grid_Default.mat using Guid(97be05831c06b3a4c83bbd255b1b5086) Importer(815301076,1909f56bfc062723c751e8b465ee728b)  -> (artifact id: '1a4370d76e5fb9663dbc4a2d2ff2433b') in 0.062041 seconds 
  Import took 0.093775 seconds .

========================================================================
Received Import Request.
  Time since last request: 0.000158 seconds.
  path: Assets/Materials/Grid_Gray.mat
  artifactKey: Guid(40a6cdd7ffa7edf4d883a67c4cc9481c) Importer(815301076,1909f56bfc062723c751e8b465ee728b)
Start importing Assets/Materials/Grid_Gray.mat using Guid(40a6cdd7ffa7edf4d883a67c4cc9481c) Importer(815301076,1909f56bfc062723c751e8b465ee728b)  -> (artifact id: 'ff3207b408de3dd65e32eb1bcc1cc8e4') in 0.040405 seconds 
  Import took 0.043002 seconds .

========================================================================
Received Import Request.
  Time since last request: 0.000280 seconds.
  path: Assets/Materials/Grid_Brown.mat
  artifactKey: Guid(cead68ed568965249bb941994752a7ae) Importer(815301076,1909f56bfc062723c751e8b465ee728b)
Start importing Assets/Materials/Grid_Brown.mat using Guid(cead68ed568965249bb941994752a7ae) Importer(815301076,1909f56bfc062723c751e8b465ee728b)  -> (artifact id: '76132dcd93ebd4b266b0ed6eac3716c7') in 0.040845 seconds 
  Import took 0.079904 seconds .

========================================================================
Received Import Request.
  Time since last request: 7.540236 seconds.
  path: Assets/Materials/Assets
  artifactKey: Guid(ac79426ecac10ba408989996c9f7fb4e) Importer(815301076,1909f56bfc062723c751e8b465ee728b)
Start importing Assets/Materials/Assets using Guid(ac79426ecac10ba408989996c9f7fb4e) Importer(815301076,1909f56bfc062723c751e8b465ee728b)  -> (artifact id: '9da7ac7de2dcb7e750e7b9488eefaaa5') in 0.046792 seconds 
  Import took 0.060801 seconds .

========================================================================
Received Import Request.
  Time since last request: 5.320740 seconds.
  path: Assets/Materials/Assets/Claymore
  artifactKey: Guid(788236da298554c4485fd76dcb1a8eaf) Importer(815301076,1909f56bfc062723c751e8b465ee728b)
Start importing Assets/Materials/Assets/Claymore using Guid(788236da298554c4485fd76dcb1a8eaf) Importer(815301076,1909f56bfc062723c751e8b465ee728b)  -> (artifact id: 'eb7aaa924b903ef654d1474a80cb662d') in 0.039920 seconds 
  Import took 0.042707 seconds .

========================================================================
Received Import Request.
  Time since last request: 20.348714 seconds.
  path: Assets/Materials/Assets/Claymore/Leather_Diffuse.png
  artifactKey: Guid(b7b6af9d858ce5142ba03142778d9ceb) Importer(815301076,1909f56bfc062723c751e8b465ee728b)
Start importing Assets/Materials/Assets/Claymore/Leather_Diffuse.png using Guid(b7b6af9d858ce5142ba03142778d9ceb) Importer(815301076,1909f56bfc062723c751e8b465ee728b)  -> (artifact id: '0465259116d41395ca9824f4396a3b34') in 0.068323 seconds 
  Import took 0.071353 seconds .

========================================================================
Received Import Request.
  Time since last request: 0.000204 seconds.
  path: Assets/Materials/Assets/Claymore/Metal_Normal.png
  artifactKey: Guid(14629a11f7f986a43838defca5df92b8) Importer(815301076,1909f56bfc062723c751e8b465ee728b)
Start importing Assets/Materials/Assets/Claymore/Metal_Normal.png using Guid(14629a11f7f986a43838defca5df92b8) Importer(815301076,1909f56bfc062723c751e8b465ee728b)  -> (artifact id: '412fcd384db972cc9e9d4ab071cb902b') in 0.112974 seconds 
  Import took 0.152541 seconds .

========================================================================
Received Import Request.
  Time since last request: 0.000240 seconds.
  path: Assets/Materials/Assets/Claymore/Leather_Normal.png
  artifactKey: Guid(14ebb97f1174b194ca2a21ac7d251fd5) Importer(815301076,1909f56bfc062723c751e8b465ee728b)
Start importing Assets/Materials/Assets/Claymore/Leather_Normal.png using Guid(14ebb97f1174b194ca2a21ac7d251fd5) Importer(815301076,1909f56bfc062723c751e8b465ee728b)  -> (artifact id: '94a6bb0ec0457f09896c6fcdf063a35c') in 0.051918 seconds 
  Import took 0.054511 seconds .

========================================================================
Received Import Request.
  Time since last request: 0.000184 seconds.
  path: Assets/Materials/Assets/Claymore/Ruby_Diffuse.png
  artifactKey: Guid(e2a16982fde5bc84585ec10822a3c026) Importer(815301076,1909f56bfc062723c751e8b465ee728b)
Start importing Assets/Materials/Assets/Claymore/Ruby_Diffuse.png using Guid(e2a16982fde5bc84585ec10822a3c026) Importer(815301076,1909f56bfc062723c751e8b465ee728b)  -> (artifact id: 'd10acdcbb490283c31f21fae04b73137') in 0.055889 seconds 
  Import took 0.059503 seconds .

========================================================================
Received Import Request.
  Time since last request: 0.000170 seconds.
  path: Assets/Materials/Assets/Claymore/Ruby_Normal.png
  artifactKey: Guid(5fca1e535320dbb4289879d9ef7df0dd) Importer(815301076,1909f56bfc062723c751e8b465ee728b)
Start importing Assets/Materials/Assets/Claymore/Ruby_Normal.png using Guid(5fca1e535320dbb4289879d9ef7df0dd) Importer(815301076,1909f56bfc062723c751e8b465ee728b)  -> (artifact id: 'a5b5ab1c04109fcbaf3b66e06d65af0c') in 0.046973 seconds 
  Import took 0.049451 seconds .

========================================================================
Received Import Request.
  Time since last request: 0.000242 seconds.
  path: Assets/Materials/Assets/Claymore/Metal_Diffuse.png
  artifactKey: Guid(7b63f906ae0bb7b40bed3af1a8d1b7a8) Importer(815301076,1909f56bfc062723c751e8b465ee728b)
Start importing Assets/Materials/Assets/Claymore/Metal_Diffuse.png using Guid(7b63f906ae0bb7b40bed3af1a8d1b7a8) Importer(815301076,1909f56bfc062723c751e8b465ee728b)  -> (artifact id: '1ffab2eedf93e9cf79a8de774e290b64') in 0.060278 seconds 
  Import took 0.075559 seconds .

========================================================================
Received Import Request.
  Time since last request: 12.130860 seconds.
  path: Assets/Materials/Assets/Claymore/Metal.mat
  artifactKey: Guid(b8c87e270f8f0594ebaa4e6d641b84c9) Importer(815301076,1909f56bfc062723c751e8b465ee728b)
Start importing Assets/Materials/Assets/Claymore/Metal.mat using Guid(b8c87e270f8f0594ebaa4e6d641b84c9) Importer(815301076,1909f56bfc062723c751e8b465ee728b)  -> (artifact id: '45445bca48f6ffc3ca2e045b60a20085') in 0.097176 seconds 
  Import took 0.129508 seconds .

========================================================================
Received Import Request.
  Time since last request: 83.006911 seconds.
  path: Assets/Claymore.fbx
  artifactKey: Guid(0e9697be3370f8c4d82771be852a7091) Importer(815301076,1909f56bfc062723c751e8b465ee728b)
Start importing Assets/Claymore.fbx using Guid(0e9697be3370f8c4d82771be852a7091) Importer(815301076,1909f56bfc062723c751e8b465ee728b)  -> (artifact id: '4466f1c0bdb1f1770533735c630f1673') in 0.200270 seconds 
  Import took 0.203750 seconds .

========================================================================
Received Import Request.
  Time since last request: 14.120916 seconds.
  path: Assets/Claymore.fbx
  artifactKey: Guid(0e9697be3370f8c4d82771be852a7091) Importer(815301076,1909f56bfc062723c751e8b465ee728b)
Start importing Assets/Claymore.fbx using Guid(0e9697be3370f8c4d82771be852a7091) Importer(815301076,1909f56bfc062723c751e8b465ee728b)  -> (artifact id: '8115868c8039051096253c428514d0e9') in 0.164630 seconds 
  Import took 0.168732 seconds .

========================================================================
Received Import Request.
  Time since last request: 19.899403 seconds.
  path: Assets/Materials/Assets/Claymore/Leather_Normal.png
  artifactKey: Guid(14ebb97f1174b194ca2a21ac7d251fd5) Importer(815301076,1909f56bfc062723c751e8b465ee728b)
Start importing Assets/Materials/Assets/Claymore/Leather_Normal.png using Guid(14ebb97f1174b194ca2a21ac7d251fd5) Importer(815301076,1909f56bfc062723c751e8b465ee728b)  -> (artifact id: 'ee145f5ee9f772b490ae45cc4a40af7a') in 0.068876 seconds 
  Import took 0.072047 seconds .

========================================================================
Received Import Request.
  Time since last request: 0.000163 seconds.
  path: Assets/Materials/Assets/Claymore/Ruby_Normal.png
  artifactKey: Guid(5fca1e535320dbb4289879d9ef7df0dd) Importer(815301076,1909f56bfc062723c751e8b465ee728b)
Start importing Assets/Materials/Assets/Claymore/Ruby_Normal.png using Guid(5fca1e535320dbb4289879d9ef7df0dd) Importer(815301076,1909f56bfc062723c751e8b465ee728b)  -> (artifact id: '36c1193aa708ddcf5c98e284d8a9f3f0') in 0.085018 seconds 
  Import took 0.087593 seconds .

========================================================================
Received Import Request.
  Time since last request: 9.409155 seconds.
  path: Assets/Materials/Assets/Claymore/Ruby.mat
  artifactKey: Guid(70fa16977d6f7a14683cfbfe1948d086) Importer(815301076,1909f56bfc062723c751e8b465ee728b)
Start importing Assets/Materials/Assets/Claymore/Ruby.mat using Guid(70fa16977d6f7a14683cfbfe1948d086) Importer(815301076,1909f56bfc062723c751e8b465ee728b)  -> (artifact id: '274e62d800effd2ad50d21ed40774a01') in 0.098293 seconds 
  Import took 0.101136 seconds .

========================================================================
Received Import Request.
  Time since last request: 33.544519 seconds.
  path: Assets/Materials/Assets/Claymore/Leather.mat
  artifactKey: Guid(3d2f190315c91ea4a9cd8fac1b069164) Importer(815301076,1909f56bfc062723c751e8b465ee728b)
Start importing Assets/Materials/Assets/Claymore/Leather.mat using Guid(3d2f190315c91ea4a9cd8fac1b069164) Importer(815301076,1909f56bfc062723c751e8b465ee728b)  -> (artifact id: '7bd1490f04ff0abbb97104341ea75c34') in 0.089508 seconds 
  Import took 0.092320 seconds .

========================================================================
Received Import Request.
  Time since last request: 17.378252 seconds.
  path: Assets/Claymore.fbx
  artifactKey: Guid(0e9697be3370f8c4d82771be852a7091) Importer(815301076,1909f56bfc062723c751e8b465ee728b)
Start importing Assets/Claymore.fbx using Guid(0e9697be3370f8c4d82771be852a7091) Importer(815301076,1909f56bfc062723c751e8b465ee728b)  -> (artifact id: 'cd873ce81588f0e4e957dd43ba4d415e') in 0.153100 seconds 
  Import took 0.156235 seconds .

========================================================================
Received Import Request.
  Time since last request: 22.076240 seconds.
  path: Assets/Materials/Assets/Claymore/Metal_Normal.png
  artifactKey: Guid(14629a11f7f986a43838defca5df92b8) Importer(815301076,1909f56bfc062723c751e8b465ee728b)
Start importing Assets/Materials/Assets/Claymore/Metal_Normal.png using Guid(14629a11f7f986a43838defca5df92b8) Importer(815301076,1909f56bfc062723c751e8b465ee728b)  -> (artifact id: '78ed0e41c1e15a4ed1ad4eaa5feae1db') in 0.109094 seconds 
  Import took 0.111883 seconds .

========================================================================
Received Import Request.
  Time since last request: 47.997970 seconds.
  path: Assets/SteamVR/InteractionSystem/Samples/Textures/measurementTape.png
  artifactKey: Guid(9358cb3541f30894c857da8e20533484) Importer(815301076,1909f56bfc062723c751e8b465ee728b)
Start importing Assets/SteamVR/InteractionSystem/Samples/Textures/measurementTape.png using Guid(9358cb3541f30894c857da8e20533484) Importer(815301076,1909f56bfc062723c751e8b465ee728b)  -> (artifact id: '757410037102b8e59124b7320ed448ef') in 0.105171 seconds 
  Import took 0.108226 seconds .

========================================================================
Received Import Request.
  Time since last request: 0.000205 seconds.
  path: Assets/SteamVR/Textures/overlay.renderTexture
  artifactKey: Guid(005ed5a6df2f5ff468efd6497d37fefa) Importer(815301076,1909f56bfc062723c751e8b465ee728b)
Start importing Assets/SteamVR/Textures/overlay.renderTexture using Guid(005ed5a6df2f5ff468efd6497d37fefa) Importer(815301076,1909f56bfc062723c751e8b465ee728b)  -> (artifact id: '98b869b42cdb41e7a631697064ee1f3c') in 0.086264 seconds 
  Import took 0.119818 seconds .

========================================================================
Received Import Request.
  Time since last request: 0.000247 seconds.
  path: Assets/SteamVR/InteractionSystem/Samples/Grenade/Nade_Nade_Normal.png
  artifactKey: Guid(252597dc79ae6d34bb80daba8c1a3aa2) Importer(815301076,1909f56bfc062723c751e8b465ee728b)
Start importing Assets/SteamVR/InteractionSystem/Samples/Grenade/Nade_Nade_Normal.png using Guid(252597dc79ae6d34bb80daba8c1a3aa2) Importer(815301076,1909f56bfc062723c751e8b465ee728b)  -> (artifact id: 'e49ea9dd1ec4d00b3584852bc10fc906') in 0.319498 seconds 
  Import took 0.322456 seconds .

========================================================================
Received Import Request.
  Time since last request: 0.000202 seconds.
  path: Assets/SteamVR/InteractionSystem/Samples/Grenade/Nade_Nade_AlbedoTransparency.png
  artifactKey: Guid(7ced61033fda20e499754959d900951f) Importer(815301076,1909f56bfc062723c751e8b465ee728b)
Start importing Assets/SteamVR/InteractionSystem/Samples/Grenade/Nade_Nade_AlbedoTransparency.png using Guid(7ced61033fda20e499754959d900951f) Importer(815301076,1909f56bfc062723c751e8b465ee728b)  -> (artifact id: 'a3b5625e1d1e9e20d89d9cb7e5784ccf') in 0.245827 seconds 
  Import took 0.248543 seconds .

========================================================================
Received Import Request.
  Time since last request: 0.000240 seconds.
  path: Assets/SteamVR/InteractionSystem/Samples/Grenade/Nade_Nade_MetallicSmoothness.png
  artifactKey: Guid(e8ebb31845152d24e9c6dfa0e2ba47e6) Importer(815301076,1909f56bfc062723c751e8b465ee728b)
Start importing Assets/SteamVR/InteractionSystem/Samples/Grenade/Nade_Nade_MetallicSmoothness.png using Guid(e8ebb31845152d24e9c6dfa0e2ba47e6) Importer(815301076,1909f56bfc062723c751e8b465ee728b)  -> (artifact id: '8fc8c00156c5cf171481a014c781bc85') in 0.235670 seconds 
  Import took 0.238258 seconds .

========================================================================
Received Import Request.
  Time since last request: 0.000201 seconds.
  path: Assets/SteamVR/InteractionSystem/Samples/Textures/oldControllerVelocity.png
  artifactKey: Guid(1b0a81148594a0145a30fb42626127ea) Importer(815301076,1909f56bfc062723c751e8b465ee728b)
Start importing Assets/SteamVR/InteractionSystem/Samples/Textures/oldControllerVelocity.png using Guid(1b0a81148594a0145a30fb42626127ea) Importer(815301076,1909f56bfc062723c751e8b465ee728b)  -> (artifact id: 'e50763e888283a0085c1883da3726276') in 0.085624 seconds 
  Import took 0.088197 seconds .

========================================================================
Received Import Request.
  Time since last request: 0.000226 seconds.
  path: Assets/SteamVR/InteractionSystem/Samples/Textures/measurementTape.png
  artifactKey: Guid(9358cb3541f30894c857da8e20533484) Importer(815301076,1909f56bfc062723c751e8b465ee728b)
Start importing Assets/SteamVR/InteractionSystem/Samples/Textures/measurementTape.png using Guid(9358cb3541f30894c857da8e20533484) Importer(815301076,1909f56bfc062723c751e8b465ee728b)  -> (artifact id: '757410037102b8e59124b7320ed448ef') in 0.073695 seconds 
  Import took 0.076242 seconds .

========================================================================
Received Import Request.
  Time since last request: 0.000156 seconds.
  path: Assets/SteamVR/InteractionSystem/Samples/JoeJeff/Textures/PlatformController_PController_AlbedoTransparency.png
  artifactKey: Guid(5507e8f20e632b845b4aea2c27a0c225) Importer(815301076,1909f56bfc062723c751e8b465ee728b)
Start importing Assets/SteamVR/InteractionSystem/Samples/JoeJeff/Textures/PlatformController_PController_AlbedoTransparency.png using Guid(5507e8f20e632b845b4aea2c27a0c225) Importer(815301076,1909f56bfc062723c751e8b465ee728b)  -> (artifact id: '5e0250e3f00fbba872b13e9777d574ff') in 0.232898 seconds 
  Import took 0.235448 seconds .

========================================================================
Received Import Request.
  Time since last request: 145.460619 seconds.
  path: Assets/Claymore 1.fbx
  artifactKey: Guid(fe08afe3e3504234e82a38a31d050ab1) Importer(815301076,1909f56bfc062723c751e8b465ee728b)
Start importing Assets/Claymore 1.fbx using Guid(fe08afe3e3504234e82a38a31d050ab1) Importer(815301076,1909f56bfc062723c751e8b465ee728b)  -> (artifact id: '6181801f0f951972fee8c72c4e2b0a6c') in 0.137482 seconds 
  Import took 0.141622 seconds .

========================================================================
Received Import Request.
  Time since last request: 10.025262 seconds.
  path: Assets/Claymore.fbx
  artifactKey: Guid(fe08afe3e3504234e82a38a31d050ab1) Importer(815301076,1909f56bfc062723c751e8b465ee728b)
Start importing Assets/Claymore.fbx using Guid(fe08afe3e3504234e82a38a31d050ab1) Importer(815301076,1909f56bfc062723c751e8b465ee728b)  -> (artifact id: 'd84070264cffbe38b885ef841ff40722') in 0.155561 seconds 
  Import took 0.222909 seconds .

========================================================================
Received Import Request.
  Time since last request: 71.100489 seconds.
  path: Assets/Claymore.fbx
  artifactKey: Guid(fe08afe3e3504234e82a38a31d050ab1) Importer(815301076,1909f56bfc062723c751e8b465ee728b)
Start importing Assets/Claymore.fbx using Guid(fe08afe3e3504234e82a38a31d050ab1) Importer(815301076,1909f56bfc062723c751e8b465ee728b)  -> (artifact id: '748cc3c23eb771acc0062dcd91c0059c') in 0.147094 seconds 
  Import took 0.150280 seconds .

========================================================================
Received Import Request.
  Time since last request: 142.542481 seconds.
  path: Assets/Materials/Assets/Claymore/Metal_Normal 1.png
  artifactKey: Guid(4aa9ab8efe93de74895db49f917a0625) Importer(815301076,1909f56bfc062723c751e8b465ee728b)
Start importing Assets/Materials/Assets/Claymore/Metal_Normal 1.png using Guid(4aa9ab8efe93de74895db49f917a0625) Importer(815301076,1909f56bfc062723c751e8b465ee728b)  -> (artifact id: 'cf1e6794ae6d0b7a43ff49a1b71cd816') in 0.052975 seconds 
  Import took 0.088110 seconds .

========================================================================
Received Import Request.
  Time since last request: 8.385221 seconds.
  path: Assets/Materials/Assets/Claymore/Metal_Normal.png
  artifactKey: Guid(4aa9ab8efe93de74895db49f917a0625) Importer(815301076,1909f56bfc062723c751e8b465ee728b)
Start importing Assets/Materials/Assets/Claymore/Metal_Normal.png using Guid(4aa9ab8efe93de74895db49f917a0625) Importer(815301076,1909f56bfc062723c751e8b465ee728b)  -> (artifact id: '9a89cd0b0711892e5ed74c494ac473a3') in 0.065807 seconds 
  Import took 0.110137 seconds .

========================================================================
Received Import Request.
  Time since last request: 9.633427 seconds.
  path: Assets/SteamVR/Textures/logo.png
  artifactKey: Guid(09db43b3b77bf744287ba587fea02f8b) Importer(815301076,1909f56bfc062723c751e8b465ee728b)
Start importing Assets/SteamVR/Textures/logo.png using Guid(09db43b3b77bf744287ba587fea02f8b) Importer(815301076,1909f56bfc062723c751e8b465ee728b)  -> (artifact id: '197293fac982d67e8c9df96f758ccd08') in 0.158224 seconds 
  Import took 0.177396 seconds .

========================================================================
Received Import Request.
  Time since last request: 0.000257 seconds.
  path: Assets/SteamVR/InteractionSystem/Longbow/Textures/Longbow.png
  artifactKey: Guid(9d88069c3ec0f1149b35980735852c65) Importer(815301076,1909f56bfc062723c751e8b465ee728b)
Start importing Assets/SteamVR/InteractionSystem/Longbow/Textures/Longbow.png using Guid(9d88069c3ec0f1149b35980735852c65) Importer(815301076,1909f56bfc062723c751e8b465ee728b)  -> (artifact id: '9f8e08cc491f602597adc61419ce5ffd') in 0.261369 seconds 
  Import took 0.263978 seconds .

========================================================================
Received Import Request.
  Time since last request: 0.000217 seconds.
  path: Assets/SteamVR/InteractionSystem/Samples/JoeJeff/Textures/JoeJeff_AlbedoTransparency.png
  artifactKey: Guid(4c2ebb3f4fad59f479171438f7b76cf4) Importer(815301076,1909f56bfc062723c751e8b465ee728b)
Start importing Assets/SteamVR/InteractionSystem/Samples/JoeJeff/Textures/JoeJeff_AlbedoTransparency.png using Guid(4c2ebb3f4fad59f479171438f7b76cf4) Importer(815301076,1909f56bfc062723c751e8b465ee728b)  -> (artifact id: '61dea8fb789a36c4647f8854d41d17ba') in 0.221243 seconds 
  Import took 0.245556 seconds .

========================================================================
Received Import Request.
  Time since last request: 0.000225 seconds.
  path: Assets/SteamVR/InteractionSystem/Samples/JoeJeff/Textures/JJHat_JJHat_MetallicSmoothness.png
  artifactKey: Guid(dac44591bd81b3a42903ba2e28b8de55) Importer(815301076,1909f56bfc062723c751e8b465ee728b)
Start importing Assets/SteamVR/InteractionSystem/Samples/JoeJeff/Textures/JJHat_JJHat_MetallicSmoothness.png using Guid(dac44591bd81b3a42903ba2e28b8de55) Importer(815301076,1909f56bfc062723c751e8b465ee728b)  -> (artifact id: '85e69ba1cea0ffd08f3fd826ebf8e24e') in 0.265298 seconds 
  Import took 0.268707 seconds .

========================================================================
Received Import Request.
  Time since last request: 0.000147 seconds.
  path: Assets/SteamVR/InteractionSystem/Samples/JoeJeff/Textures/JJHat_JJHat_AlbedoTransparency.png
  artifactKey: Guid(b7b3dd92428b96e4fa1341587cfc19f2) Importer(815301076,1909f56bfc062723c751e8b465ee728b)
Start importing Assets/SteamVR/InteractionSystem/Samples/JoeJeff/Textures/JJHat_JJHat_AlbedoTransparency.png using Guid(b7b3dd92428b96e4fa1341587cfc19f2) Importer(815301076,1909f56bfc062723c751e8b465ee728b)  -> (artifact id: '9664fed991ffea1626fd746e7d6256fb') in 0.163848 seconds 
  Import took 0.181421 seconds .

========================================================================
Received Import Request.
  Time since last request: 0.000231 seconds.
  path: Assets/SteamVR/Input/Editor/Resources/Icons/handmask_Index.png
  artifactKey: Guid(2c4294febb4dfe54d98c37083da7a639) Importer(815301076,1909f56bfc062723c751e8b465ee728b)
Start importing Assets/SteamVR/Input/Editor/Resources/Icons/handmask_Index.png using Guid(2c4294febb4dfe54d98c37083da7a639) Importer(815301076,1909f56bfc062723c751e8b465ee728b)  -> (artifact id: 'fc79e7913e34e43a71862f3c4c7a5b85') in 0.178289 seconds 
  Import took 0.321152 seconds .

========================================================================
Received Import Request.
  Time since last request: 0.000180 seconds.
  path: Assets/SteamVR/InteractionSystem/Samples/JoeJeff/Textures/JoeJeff_MetallicSmoothness.png
  artifactKey: Guid(96bd2760927f90943b0441b2127b5a51) Importer(815301076,1909f56bfc062723c751e8b465ee728b)
Start importing Assets/SteamVR/InteractionSystem/Samples/JoeJeff/Textures/JoeJeff_MetallicSmoothness.png using Guid(96bd2760927f90943b0441b2127b5a51) Importer(815301076,1909f56bfc062723c751e8b465ee728b)  -> (artifact id: 'aa5e17e550dfcc818787f074bf1868d2') in 0.358238 seconds 
  Import took 0.383686 seconds .

========================================================================
Received Import Request.
  Time since last request: 0.000166 seconds.
  path: Assets/SteamVR/InteractionSystem/Samples/Models/Materials/Furniture_MetallicSmoothness.png
  artifactKey: Guid(7d025787045f1a34d88f9d9a15d0d5ca) Importer(815301076,1909f56bfc062723c751e8b465ee728b)
Start importing Assets/SteamVR/InteractionSystem/Samples/Models/Materials/Furniture_MetallicSmoothness.png using Guid(7d025787045f1a34d88f9d9a15d0d5ca) Importer(815301076,1909f56bfc062723c751e8b465ee728b)  -> (artifact id: 'df01651c6be1ea52972349f7ba9cd20b') in 0.775432 seconds 
  Import took 0.778002 seconds .

========================================================================
Received Import Request.
  Time since last request: 0.000235 seconds.
  path: Assets/SteamVR/Models/Materials/AlienHand_MetallicSmoothness.png
  artifactKey: Guid(d6f0e028c1244404eb2d02959b9f8f60) Importer(815301076,1909f56bfc062723c751e8b465ee728b)
Start importing Assets/SteamVR/Models/Materials/AlienHand_MetallicSmoothness.png using Guid(d6f0e028c1244404eb2d02959b9f8f60) Importer(815301076,1909f56bfc062723c751e8b465ee728b)  -> (artifact id: '67491f472ff744d936052718b8145b62') in 0.270661 seconds 
  Import took 0.315152 seconds .

========================================================================
Received Import Request.
  Time since last request: 0.000235 seconds.
  path: Assets/SteamVR/InteractionSystem/Samples/Textures/fabric.png
  artifactKey: Guid(f38d8e4ac87f9894fae9b325586a30c0) Importer(815301076,1909f56bfc062723c751e8b465ee728b)
Start importing Assets/SteamVR/InteractionSystem/Samples/Textures/fabric.png using Guid(f38d8e4ac87f9894fae9b325586a30c0) Importer(815301076,1909f56bfc062723c751e8b465ee728b)  -> (artifact id: 'ee23a31e89dc339f8f3fba32dff403bd') in 0.091371 seconds 
  Import took 0.093855 seconds .

========================================================================
Received Import Request.
  Time since last request: 0.000204 seconds.
  path: Assets/SteamVR/InteractionSystem/Longbow/Textures/ArcheryWeebleTarget.png
  artifactKey: Guid(b0b65ac2add33d04b9c6485a060c240a) Importer(815301076,1909f56bfc062723c751e8b465ee728b)
Start importing Assets/SteamVR/InteractionSystem/Longbow/Textures/ArcheryWeebleTarget.png using Guid(b0b65ac2add33d04b9c6485a060c240a) Importer(815301076,1909f56bfc062723c751e8b465ee728b)  -> (artifact id: 'f5393181713debf90f0835f7a12bd202') in 1.130302 seconds 
  Import took 1.179820 seconds .

========================================================================
Received Import Request.
  Time since last request: 0.000303 seconds.
  path: Assets/SteamVR/Textures/arrow.png
  artifactKey: Guid(2db89a771043d7b4eb9d26622f6b97c7) Importer(815301076,1909f56bfc062723c751e8b465ee728b)
Start importing Assets/SteamVR/Textures/arrow.png using Guid(2db89a771043d7b4eb9d26622f6b97c7) Importer(815301076,1909f56bfc062723c751e8b465ee728b)  -> (artifact id: '7d7cfa21714b867abb1ee4c87982a40a') in 0.101952 seconds 
  Import took 0.324513 seconds .

========================================================================
Received Import Request.
  Time since last request: 0.000210 seconds.
  path: Assets/SteamVR/InteractionSystem/Samples/Textures/estimatedOnHand.png
  artifactKey: Guid(067a2cc023f3e0648a62c0649afe7ecf) Importer(815301076,1909f56bfc062723c751e8b465ee728b)
Start importing Assets/SteamVR/InteractionSystem/Samples/Textures/estimatedOnHand.png using Guid(067a2cc023f3e0648a62c0649afe7ecf) Importer(815301076,1909f56bfc062723c751e8b465ee728b)  -> (artifact id: 'f3fb7587053ce12ece614fbd82ba5d78') in 0.094405 seconds 
  Import took 0.115814 seconds .

========================================================================
Received Import Request.
  Time since last request: 0.000238 seconds.
  path: Assets/SteamVR/Input/Editor/Resources/Icons/HandRightIcon.png
  artifactKey: Guid(985915d4db439114797fb72a46387d71) Importer(815301076,1909f56bfc062723c751e8b465ee728b)
Start importing Assets/SteamVR/Input/Editor/Resources/Icons/HandRightIcon.png using Guid(985915d4db439114797fb72a46387d71) Importer(815301076,1909f56bfc062723c751e8b465ee728b)  -> (artifact id: 'a7a0e00a8d2652bc8402206096d6c316') in 0.097309 seconds 
  Import took 0.099826 seconds .

========================================================================
Received Import Request.
  Time since last request: 0.000242 seconds.
  path: Assets/SteamVR/InteractionSystem/Hints/Textures/HintBackground.png
  artifactKey: Guid(5697c26ee2ef0c848996640f6a3d3432) Importer(815301076,1909f56bfc062723c751e8b465ee728b)
Start importing Assets/SteamVR/InteractionSystem/Hints/Textures/HintBackground.png using Guid(5697c26ee2ef0c848996640f6a3d3432) Importer(815301076,1909f56bfc062723c751e8b465ee728b)  -> (artifact id: 'fb7cb9274dca59856ea2dc54d4ee4710') in 0.073484 seconds 
  Import took 0.244543 seconds .

========================================================================
Received Import Request.
  Time since last request: 0.000232 seconds.
  path: Assets/SteamVR/InteractionSystem/Samples/BuggyBuddy/Textures/controlerbuggy_LO_BuggyController_Normal.png
  artifactKey: Guid(d66d01bd1e0702a4bbfa207820fb2fb1) Importer(815301076,1909f56bfc062723c751e8b465ee728b)
Start importing Assets/SteamVR/InteractionSystem/Samples/BuggyBuddy/Textures/controlerbuggy_LO_BuggyController_Normal.png using Guid(d66d01bd1e0702a4bbfa207820fb2fb1) Importer(815301076,1909f56bfc062723c751e8b465ee728b)  -> (artifact id: '5fed068c467beb435402c28cf33d7682') in 0.357790 seconds 
  Import took 0.360459 seconds .

========================================================================
Received Import Request.
  Time since last request: 0.000232 seconds.
  path: Assets/SteamVR/InteractionSystem/Samples/Models/Materials/Furniture_Normal.png
  artifactKey: Guid(c595edc746c897e4e888f1cf26421a05) Importer(815301076,1909f56bfc062723c751e8b465ee728b)
Start importing Assets/SteamVR/InteractionSystem/Samples/Models/Materials/Furniture_Normal.png using Guid(c595edc746c897e4e888f1cf26421a05) Importer(815301076,1909f56bfc062723c751e8b465ee728b)  -> (artifact id: 'e83356065aac5617f6d227cad1f2b8e4') in 3.096211 seconds 
  Import took 3.149963 seconds .

========================================================================
Received Import Request.
  Time since last request: 0.000151 seconds.
  path: Assets/SteamVR/Models/Materials/AlienHand_Normal.png
  artifactKey: Guid(c895ac09c5f562b4798e88828f61e812) Importer(815301076,1909f56bfc062723c751e8b465ee728b)
Start importing Assets/SteamVR/Models/Materials/AlienHand_Normal.png using Guid(c895ac09c5f562b4798e88828f61e812) Importer(815301076,1909f56bfc062723c751e8b465ee728b)  -> (artifact id: 'a66a202dd407eea45ea7f8153243cd32') in 0.192173 seconds 
  Import took 0.194832 seconds .

========================================================================
Received Import Request.
  Time since last request: 0.000228 seconds.
  path: Assets/SteamVR/Input/Editor/Resources/Icons/handmask_Pinky.png
  artifactKey: Guid(4fb892aabe590ec4fb65a57a048a093f) Importer(815301076,1909f56bfc062723c751e8b465ee728b)
Start importing Assets/SteamVR/Input/Editor/Resources/Icons/handmask_Pinky.png using Guid(4fb892aabe590ec4fb65a57a048a093f) Importer(815301076,1909f56bfc062723c751e8b465ee728b)  -> (artifact id: '36a131b52cb289d3dd3c61bc52826747') in 0.051347 seconds 
  Import took 0.088040 seconds .

========================================================================
Received Import Request.
  Time since last request: 0.000219 seconds.
  path: Assets/SteamVR/Input/Editor/Resources/Icons/HandLeftIcon.png
  artifactKey: Guid(1e898a11a01f33d4a80b04e98158023a) Importer(815301076,1909f56bfc062723c751e8b465ee728b)
Start importing Assets/SteamVR/Input/Editor/Resources/Icons/HandLeftIcon.png using Guid(1e898a11a01f33d4a80b04e98158023a) Importer(815301076,1909f56bfc062723c751e8b465ee728b)  -> (artifact id: '9c9cccb57bc18d7b042b91655004bbe1') in 0.096251 seconds 
  Import took 0.174911 seconds .

========================================================================
Received Import Request.
  Time since last request: 0.000232 seconds.
  path: Assets/SteamVR/Input/Editor/Resources/Icons/handmask.png
  artifactKey: Guid(d1f34261d4655bc4cb5413868ae9bee2) Importer(815301076,1909f56bfc062723c751e8b465ee728b)
Start importing Assets/SteamVR/Input/Editor/Resources/Icons/handmask.png using Guid(d1f34261d4655bc4cb5413868ae9bee2) Importer(815301076,1909f56bfc062723c751e8b465ee728b)  -> (artifact id: 'f9dcc920640a7a7947f354644051fdfd') in 0.089531 seconds 
  Import took 0.131610 seconds .

========================================================================
Received Import Request.
  Time since last request: 0.000201 seconds.
  path: Assets/SteamVR/InteractionSystem/Longbow/Textures/ArrowAlbedoTransparency.png
  artifactKey: Guid(0f09256f7da973b45a660eefd832b56b) Importer(815301076,1909f56bfc062723c751e8b465ee728b)
Start importing Assets/SteamVR/InteractionSystem/Longbow/Textures/ArrowAlbedoTransparency.png using Guid(0f09256f7da973b45a660eefd832b56b) Importer(815301076,1909f56bfc062723c751e8b465ee728b)  -> (artifact id: '1cd57b14e7e92eafb859ae8a20fc1768') in 0.363561 seconds 
  Import took 0.403694 seconds .

========================================================================
Received Import Request.
  Time since last request: 0.000204 seconds.
  path: Assets/SteamVR/InteractionSystem/Samples/JoeJeff/Textures/JJHat_JJHat_Normal.png
  artifactKey: Guid(90734498e62f9d14b891d73c93f13b4f) Importer(815301076,1909f56bfc062723c751e8b465ee728b)
Start importing Assets/SteamVR/InteractionSystem/Samples/JoeJeff/Textures/JJHat_JJHat_Normal.png using Guid(90734498e62f9d14b891d73c93f13b4f) Importer(815301076,1909f56bfc062723c751e8b465ee728b)  -> (artifact id: '7c133910f54a110f5891a00c51d545c0') in 0.286632 seconds 
  Import took 0.289102 seconds .

========================================================================
Received Import Request.
  Time since last request: 0.000191 seconds.
  path: Assets/SteamVR/Input/Editor/Resources/Icons/handmask_Ring.png
  artifactKey: Guid(c3b3083cc66322049822d98fa4c15fd6) Importer(815301076,1909f56bfc062723c751e8b465ee728b)
Start importing Assets/SteamVR/Input/Editor/Resources/Icons/handmask_Ring.png using Guid(c3b3083cc66322049822d98fa4c15fd6) Importer(815301076,1909f56bfc062723c751e8b465ee728b)  -> (artifact id: '03a896726689ed628068dd76e3c5c035') in 0.066848 seconds 
  Import took 0.104400 seconds .

========================================================================
Received Import Request.
  Time since last request: 0.000194 seconds.
  path: Assets/SteamVR/Input/Editor/Resources/Icons/handmask_Middle.png
  artifactKey: Guid(0f57642ec96c82446a79c525bb70b018) Importer(815301076,1909f56bfc062723c751e8b465ee728b)
Start importing Assets/SteamVR/Input/Editor/Resources/Icons/handmask_Middle.png using Guid(0f57642ec96c82446a79c525bb70b018) Importer(815301076,1909f56bfc062723c751e8b465ee728b)  -> (artifact id: '59d72e144478ec0744ee989e3adc4a74') in 0.089571 seconds 
  Import took 0.092090 seconds .

========================================================================
Received Import Request.
  Time since last request: 0.000264 seconds.
  path: Assets/SteamVR/InteractionSystem/Samples/Models/Materials/Furniture_AlbedoTransparency.png
  artifactKey: Guid(f209c99394eca224b90cb94fca3e17c1) Importer(815301076,1909f56bfc062723c751e8b465ee728b)
Start importing Assets/SteamVR/InteractionSystem/Samples/Models/Materials/Furniture_AlbedoTransparency.png using Guid(f209c99394eca224b90cb94fca3e17c1) Importer(815301076,1909f56bfc062723c751e8b465ee728b)  -> (artifact id: '4e066d28627c449df0ae02471db7fd44') in 0.558718 seconds 
  Import took 0.652798 seconds .

========================================================================
Received Import Request.
  Time since last request: 0.000228 seconds.
  path: Assets/SteamVR/InteractionSystem/Samples/Squishy/Textures/gooNoise.png
  artifactKey: Guid(1250643187cd6e84f873b5efc80f049d) Importer(815301076,1909f56bfc062723c751e8b465ee728b)
Start importing Assets/SteamVR/InteractionSystem/Samples/Squishy/Textures/gooNoise.png using Guid(1250643187cd6e84f873b5efc80f049d) Importer(815301076,1909f56bfc062723c751e8b465ee728b)  -> (artifact id: '4a56341417503cc23d1065c19ae748b5') in 0.140058 seconds 
  Import took 0.308584 seconds .

========================================================================
Received Import Request.
  Time since last request: 0.000224 seconds.
  path: Assets/SteamVR/Icon/_steamvr.png
  artifactKey: Guid(200a36575873a1d40baa790e18dafe5d) Importer(815301076,1909f56bfc062723c751e8b465ee728b)
Start importing Assets/SteamVR/Icon/_steamvr.png using Guid(200a36575873a1d40baa790e18dafe5d) Importer(815301076,1909f56bfc062723c751e8b465ee728b)  -> (artifact id: 'bd50aab204afab25909d1b589d2a2777') in 0.102987 seconds 
  Import took 0.187115 seconds .

========================================================================
Received Import Request.
  Time since last request: 0.000176 seconds.
  path: Assets/SteamVR/InteractionSystem/Longbow/Textures/ArrowAmbientOcclusion.png
  artifactKey: Guid(27df4f73a506cc94d99cc2e0c71966a6) Importer(815301076,1909f56bfc062723c751e8b465ee728b)
Start importing Assets/SteamVR/InteractionSystem/Longbow/Textures/ArrowAmbientOcclusion.png using Guid(27df4f73a506cc94d99cc2e0c71966a6) Importer(815301076,1909f56bfc062723c751e8b465ee728b)  -> (artifact id: '5d72609ee81c445fa388148969abb0a7') in 0.218312 seconds 
  Import took 0.271330 seconds .

========================================================================
Received Import Request.
  Time since last request: 0.000244 seconds.
  path: Assets/SteamVR/Input/Editor/Resources/Icons/handmask_Palm.png
  artifactKey: Guid(e0a60ab44553a7f4ca994dec64351d08) Importer(815301076,1909f56bfc062723c751e8b465ee728b)
Start importing Assets/SteamVR/Input/Editor/Resources/Icons/handmask_Palm.png using Guid(e0a60ab44553a7f4ca994dec64351d08) Importer(815301076,1909f56bfc062723c751e8b465ee728b)  -> (artifact id: '30a900a3cd200f63c8e150c800554ccd') in 0.107438 seconds 
  Import took 0.110896 seconds .

========================================================================
Received Import Request.
  Time since last request: 0.000284 seconds.
  path: Assets/SteamVR/Models/Materials/AlienHand_AlbedoTransparency.png
  artifactKey: Guid(c7d922ead57c2c34ea7da4ad4c05bd61) Importer(815301076,1909f56bfc062723c751e8b465ee728b)
Start importing Assets/SteamVR/Models/Materials/AlienHand_AlbedoTransparency.png using Guid(c7d922ead57c2c34ea7da4ad4c05bd61) Importer(815301076,1909f56bfc062723c751e8b465ee728b)  -> (artifact id: '4f15f5f091dcd0e72e0cb0b0df9a332d') in 0.187784 seconds 
  Import took 0.201956 seconds .

========================================================================
Received Import Request.
  Time since last request: 0.000227 seconds.
  path: Assets/SteamVR/Models/Materials/floppyHand Emit.png
  artifactKey: Guid(666af8d433621574ea153b525fceae88) Importer(815301076,1909f56bfc062723c751e8b465ee728b)
Start importing Assets/SteamVR/Models/Materials/floppyHand Emit.png using Guid(666af8d433621574ea153b525fceae88) Importer(815301076,1909f56bfc062723c751e8b465ee728b)  -> (artifact id: '32ab3d3d33d455d240590adbdd737682') in 0.273395 seconds 
  Import took 0.497186 seconds .

========================================================================
Received Import Request.
  Time since last request: 0.000246 seconds.
  path: Assets/SteamVR/InteractionSystem/Samples/BuggyBuddy/Textures/controlerbuggy_LO_BuggyController_MetallicSmoothness.png
  artifactKey: Guid(f953b4ec1bb0a834cadc594cf2a5bca0) Importer(815301076,1909f56bfc062723c751e8b465ee728b)
Start importing Assets/SteamVR/InteractionSystem/Samples/BuggyBuddy/Textures/controlerbuggy_LO_BuggyController_MetallicSmoothness.png using Guid(f953b4ec1bb0a834cadc594cf2a5bca0) Importer(815301076,1909f56bfc062723c751e8b465ee728b)  -> (artifact id: 'dcc265babf0c6a8199c8a4cf3a66e9dd') in 0.282057 seconds 
  Import took 0.284568 seconds .

========================================================================
Received Import Request.
  Time since last request: 0.000215 seconds.
  path: Assets/SteamVR/Input/Editor/Resources/Icons/handmask_Thumb.png
  artifactKey: Guid(764dada5864e19440bb07e24e684e950) Importer(815301076,1909f56bfc062723c751e8b465ee728b)
Start importing Assets/SteamVR/Input/Editor/Resources/Icons/handmask_Thumb.png using Guid(764dada5864e19440bb07e24e684e950) Importer(815301076,1909f56bfc062723c751e8b465ee728b)  -> (artifact id: '42182471da865cc037741fc1e5912ef6') in 0.237954 seconds 
  Import took 0.423006 seconds .

========================================================================
Received Import Request.
  Time since last request: 0.000232 seconds.
  path: Assets/SteamVR/InteractionSystem/Samples/Textures/estimatedOnObject.png
  artifactKey: Guid(0d7512e9f3d5af340be754fb56d4c263) Importer(815301076,1909f56bfc062723c751e8b465ee728b)
Start importing Assets/SteamVR/InteractionSystem/Samples/Textures/estimatedOnObject.png using Guid(0d7512e9f3d5af340be754fb56d4c263) Importer(815301076,1909f56bfc062723c751e8b465ee728b)  -> (artifact id: 'a57d8c45bcdd4f811049fbd3a2c18335') in 0.158612 seconds 
  Import took 0.161151 seconds .

========================================================================
Received Import Request.
  Time since last request: 0.000179 seconds.
  path: Assets/SteamVR/InteractionSystem/Samples/Squishy/Textures/gooNrm.png
  artifactKey: Guid(cc667b3995f186347b95c15abbb1c3c8) Importer(815301076,1909f56bfc062723c751e8b465ee728b)
Start importing Assets/SteamVR/InteractionSystem/Samples/Squishy/Textures/gooNrm.png using Guid(cc667b3995f186347b95c15abbb1c3c8) Importer(815301076,1909f56bfc062723c751e8b465ee728b)  -> (artifact id: 'c50465e34160141d1613d11c18bfb4c3') in 0.241075 seconds 
  Import took 0.423335 seconds .

========================================================================
Received Import Request.
  Time since last request: 0.000172 seconds.
  path: Assets/SteamVR/InteractionSystem/Samples/Textures/fabric nrm.png
  artifactKey: Guid(7927253fa6653fe4f86150e8a01de6cc) Importer(815301076,1909f56bfc062723c751e8b465ee728b)
Start importing Assets/SteamVR/InteractionSystem/Samples/Textures/fabric nrm.png using Guid(7927253fa6653fe4f86150e8a01de6cc) Importer(815301076,1909f56bfc062723c751e8b465ee728b)  -> (artifact id: '4d76ca7822d63501c0cfb4234c5bac7a') in 0.174678 seconds 
  Import took 0.177164 seconds .

========================================================================
Received Import Request.
  Time since last request: 0.000219 seconds.
  path: Assets/Models/materials 1/Gold_Coin_Diffuse.png
  artifactKey: Guid(3b9d0d2e863d4e949a4e32a2fcf55771) Importer(815301076,1909f56bfc062723c751e8b465ee728b)
Start importing Assets/Models/materials 1/Gold_Coin_Diffuse.png using Guid(3b9d0d2e863d4e949a4e32a2fcf55771) Importer(815301076,1909f56bfc062723c751e8b465ee728b)  -> (artifact id: '6dfbc6ea6247a1cfc20ce2fd92df6eb0') in 1.843348 seconds 
  Import took 1.846003 seconds .

========================================================================
Received Import Request.
  Time since last request: 0.000214 seconds.
  path: Assets/SteamVR/InteractionSystem/Samples/JoeJeff/Textures/JoeJeff_Normal.png
  artifactKey: Guid(1f0611183d16daa41803993dceeb6fcf) Importer(815301076,1909f56bfc062723c751e8b465ee728b)
Start importing Assets/SteamVR/InteractionSystem/Samples/JoeJeff/Textures/JoeJeff_Normal.png using Guid(1f0611183d16daa41803993dceeb6fcf) Importer(815301076,1909f56bfc062723c751e8b465ee728b)  -> (artifact id: 'fea119039f82e0b546bbbcd4cb2a49bb') in 0.269186 seconds 
  Import took 0.271823 seconds .

========================================================================
Received Import Request.
  Time since last request: 0.000210 seconds.
  path: Assets/Models/materials 1/Gold_Coin_Normal.png
  artifactKey: Guid(4b869a897db702e4dbfa9f31113c5a03) Importer(815301076,1909f56bfc062723c751e8b465ee728b)
Start importing Assets/Models/materials 1/Gold_Coin_Normal.png using Guid(4b869a897db702e4dbfa9f31113c5a03) Importer(815301076,1909f56bfc062723c751e8b465ee728b)  -> (artifact id: 'b9bcda1a263be7b0ee27d235e6c04dcc') in 0.388975 seconds 
  Import took 0.504543 seconds .

========================================================================
Received Import Request.
  Time since last request: 146.141762 seconds.
  path: Assets/Materials/Assets/Claymore/Leather.mat
  artifactKey: Guid(3d2f190315c91ea4a9cd8fac1b069164) Importer(815301076,1909f56bfc062723c751e8b465ee728b)
Start importing Assets/Materials/Assets/Claymore/Leather.mat using Guid(3d2f190315c91ea4a9cd8fac1b069164) Importer(815301076,1909f56bfc062723c751e8b465ee728b)  -> (artifact id: '517fada2fcb868d3f2935c857e98b111') in 0.083375 seconds 
  Import took 0.127661 seconds .

========================================================================
Received Import Request.
  Time since last request: 0.000199 seconds.
  path: Assets/Materials/Assets/Claymore/Ruby.mat
  artifactKey: Guid(70fa16977d6f7a14683cfbfe1948d086) Importer(815301076,1909f56bfc062723c751e8b465ee728b)
Start importing Assets/Materials/Assets/Claymore/Ruby.mat using Guid(70fa16977d6f7a14683cfbfe1948d086) Importer(815301076,1909f56bfc062723c751e8b465ee728b)  -> (artifact id: '225efbc946819901ad0e80b2e0a6485e') in 0.123199 seconds 
  Import took 0.156955 seconds .

========================================================================
Received Import Request.
  Time since last request: 0.000211 seconds.
  path: Assets/Materials/Assets/Claymore/Metal.mat
  artifactKey: Guid(b8c87e270f8f0594ebaa4e6d641b84c9) Importer(815301076,1909f56bfc062723c751e8b465ee728b)
Start importing Assets/Materials/Assets/Claymore/Metal.mat using Guid(b8c87e270f8f0594ebaa4e6d641b84c9) Importer(815301076,1909f56bfc062723c751e8b465ee728b)  -> (artifact id: 'cd429a34c7f9e5ba97977132548ebf12') in 0.136990 seconds 
  Import took 0.139487 seconds .

========================================================================
Received Import Request.
  Time since last request: 6.088702 seconds.
  path: Assets/Materials/Assets/Claymore/Metal_Normal.png
  artifactKey: Guid(4aa9ab8efe93de74895db49f917a0625) Importer(815301076,1909f56bfc062723c751e8b465ee728b)
Start importing Assets/Materials/Assets/Claymore/Metal_Normal.png using Guid(4aa9ab8efe93de74895db49f917a0625) Importer(815301076,1909f56bfc062723c751e8b465ee728b)  -> (artifact id: '9d9e300fad5cbd43011c17726105822f') in 0.058207 seconds 
  Import took 0.060975 seconds .

========================================================================
Received Prepare
Registering precompiled user dll's ...
Registered in 0.002947 seconds.
Begin MonoManager ReloadAssembly
Native extension for WindowsStandalone target not found
Refreshing native plugins compatible for Editor in 0.48 ms, found 5 plugins.
Preloading 0 native plugins for Editor in 0.00 ms.
Mono: successfully reloaded assembly
- Completed reload, in  0.897 seconds
Platform modules already initialized, skipping
Refreshing native plugins compatible for Editor in 0.50 ms, found 5 plugins.
Preloading 0 native plugins for Editor in 0.00 ms.
Unloading 2069 Unused Serialized files (Serialized files now loaded: 0)
System memory in use before: 95.8 MB.
System memory in use after: 95.9 MB.

Unloading 83 unused Assets to reduce memory usage. Loaded Objects now: 2606.
Total: 2.208200 ms (FindLiveObjects: 0.197100 ms CreateObjectMapping: 0.077300 ms MarkObjects: 1.858200 ms  DeleteObjects: 0.074500 ms)

AssetImportParameters requested are different than current active one (requested -> active):
  custom:framework-win-MediaFoundation: 216162199b28c13a410421893ffa2e32 -> 
  custom:video-decoder-ogg-theora: a1e56fd34408186e4bbccfd4996cb3dc -> 
  custom:container-muxer-webm: aa71ff27fc2769a1b78a27578f13a17b -> 
  custom:container-demuxer-webm: 4f35f7cbe854078d1ac9338744f61a02 -> 
  custom:container-demuxer-ogg: 62fdf1f143b41e24485cea50d1cbac27 -> 
  custom:video-encoder-webm-vp8: eb34c28f22e8b96e1ab97ce403110664 -> 
  custom:video-decoder-webm-vp8: 9c59270c3fd7afecdb556c50c9e8de78 -> 
  custom:audio-decoder-ogg-vorbis: bf7c407c2cedff20999df2af8eb42d56 -> 
  custom:audio-encoder-webm-vorbis: bf7c407c2cedff20999df2af8eb42d56 -> 
========================================================================
Received Prepare
Registering precompiled user dll's ...
Registered in 0.003018 seconds.
Begin MonoManager ReloadAssembly
Native extension for WindowsStandalone target not found
Refreshing native plugins compatible for Editor in 0.47 ms, found 5 plugins.
Preloading 0 native plugins for Editor in 0.00 ms.
Mono: successfully reloaded assembly
- Completed reload, in  0.913 seconds
Platform modules already initialized, skipping
Refreshing native plugins compatible for Editor in 0.48 ms, found 5 plugins.
Preloading 0 native plugins for Editor in 0.00 ms.
Unloading 2069 Unused Serialized files (Serialized files now loaded: 0)
System memory in use before: 95.8 MB.
System memory in use after: 95.9 MB.

Unloading 83 unused Assets to reduce memory usage. Loaded Objects now: 2610.
Total: 2.524000 ms (FindLiveObjects: 0.205300 ms CreateObjectMapping: 0.080100 ms MarkObjects: 2.104500 ms  DeleteObjects: 0.132700 ms)

AssetImportParameters requested are different than current active one (requested -> active):
  custom:framework-win-MediaFoundation: 216162199b28c13a410421893ffa2e32 -> 
  custom:video-decoder-ogg-theora: a1e56fd34408186e4bbccfd4996cb3dc -> 
  custom:container-muxer-webm: aa71ff27fc2769a1b78a27578f13a17b -> 
  custom:container-demuxer-webm: 4f35f7cbe854078d1ac9338744f61a02 -> 
  custom:container-demuxer-ogg: 62fdf1f143b41e24485cea50d1cbac27 -> 
  custom:video-encoder-webm-vp8: eb34c28f22e8b96e1ab97ce403110664 -> 
  custom:video-decoder-webm-vp8: 9c59270c3fd7afecdb556c50c9e8de78 -> 
  custom:audio-decoder-ogg-vorbis: bf7c407c2cedff20999df2af8eb42d56 -> 
  custom:audio-encoder-webm-vorbis: bf7c407c2cedff20999df2af8eb42d56 -> 
========================================================================
Received Prepare
Registering precompiled user dll's ...
Registered in 0.003436 seconds.
Begin MonoManager ReloadAssembly
Native extension for WindowsStandalone target not found
Refreshing native plugins compatible for Editor in 0.48 ms, found 5 plugins.
Preloading 0 native plugins for Editor in 0.00 ms.
Mono: successfully reloaded assembly
- Completed reload, in  0.943 seconds
Platform modules already initialized, skipping
Refreshing native plugins compatible for Editor in 0.57 ms, found 5 plugins.
Preloading 0 native plugins for Editor in 0.00 ms.
Unloading 2069 Unused Serialized files (Serialized files now loaded: 0)
System memory in use before: 95.9 MB.
System memory in use after: 96.0 MB.

Unloading 83 unused Assets to reduce memory usage. Loaded Objects now: 2614.
Total: 2.149100 ms (FindLiveObjects: 0.181500 ms CreateObjectMapping: 0.062000 ms MarkObjects: 1.820900 ms  DeleteObjects: 0.083800 ms)

AssetImportParameters requested are different than current active one (requested -> active):
  custom:framework-win-MediaFoundation: 216162199b28c13a410421893ffa2e32 -> 
  custom:video-decoder-ogg-theora: a1e56fd34408186e4bbccfd4996cb3dc -> 
  custom:container-muxer-webm: aa71ff27fc2769a1b78a27578f13a17b -> 
  custom:container-demuxer-webm: 4f35f7cbe854078d1ac9338744f61a02 -> 
  custom:container-demuxer-ogg: 62fdf1f143b41e24485cea50d1cbac27 -> 
  custom:video-encoder-webm-vp8: eb34c28f22e8b96e1ab97ce403110664 -> 
  custom:video-decoder-webm-vp8: 9c59270c3fd7afecdb556c50c9e8de78 -> 
  custom:audio-decoder-ogg-vorbis: bf7c407c2cedff20999df2af8eb42d56 -> 
  custom:audio-encoder-webm-vorbis: bf7c407c2cedff20999df2af8eb42d56 -> 
========================================================================
Received Prepare
Registering precompiled user dll's ...
Registered in 0.002903 seconds.
Begin MonoManager ReloadAssembly
Native extension for WindowsStandalone target not found
Refreshing native plugins compatible for Editor in 0.46 ms, found 5 plugins.
Preloading 0 native plugins for Editor in 0.00 ms.
Mono: successfully reloaded assembly
- Completed reload, in  0.949 seconds
Platform modules already initialized, skipping
Refreshing native plugins compatible for Editor in 0.62 ms, found 5 plugins.
Preloading 0 native plugins for Editor in 0.00 ms.
Unloading 2069 Unused Serialized files (Serialized files now loaded: 0)
System memory in use before: 95.9 MB.
System memory in use after: 96.0 MB.

Unloading 83 unused Assets to reduce memory usage. Loaded Objects now: 2618.
Total: 2.158400 ms (FindLiveObjects: 0.213100 ms CreateObjectMapping: 0.071600 ms MarkObjects: 1.791800 ms  DeleteObjects: 0.081000 ms)

AssetImportParameters requested are different than current active one (requested -> active):
  custom:framework-win-MediaFoundation: 216162199b28c13a410421893ffa2e32 -> 
  custom:video-decoder-ogg-theora: a1e56fd34408186e4bbccfd4996cb3dc -> 
  custom:container-muxer-webm: aa71ff27fc2769a1b78a27578f13a17b -> 
  custom:container-demuxer-webm: 4f35f7cbe854078d1ac9338744f61a02 -> 
  custom:container-demuxer-ogg: 62fdf1f143b41e24485cea50d1cbac27 -> 
  custom:video-encoder-webm-vp8: eb34c28f22e8b96e1ab97ce403110664 -> 
  custom:video-decoder-webm-vp8: 9c59270c3fd7afecdb556c50c9e8de78 -> 
  custom:audio-decoder-ogg-vorbis: bf7c407c2cedff20999df2af8eb42d56 -> 
  custom:audio-encoder-webm-vorbis: bf7c407c2cedff20999df2af8eb42d56 -> 
========================================================================
Received Import Request.
  Time since last request: 1397.597457 seconds.
  path: Assets/Scenes/Castle_Prototype.unity
  artifactKey: Guid(6ddda6d4f78a375469387d0d8c84edd3) Importer(815301076,1909f56bfc062723c751e8b465ee728b)
Start importing Assets/Scenes/Castle_Prototype.unity using Guid(6ddda6d4f78a375469387d0d8c84edd3) Importer(815301076,1909f56bfc062723c751e8b465ee728b)  -> (artifact id: '84b4dab58fe844bfc4278dc1c3d5cac1') in 0.040909 seconds 
  Import took 0.044644 seconds .

========================================================================
Received Import Request.
  Time since last request: 1.395024 seconds.
  path: Assets/Scenes/Castle.unity
  artifactKey: Guid(3de5c3a8350eb7d4a8f475d1c542f42b) Importer(815301076,1909f56bfc062723c751e8b465ee728b)
Start importing Assets/Scenes/Castle.unity using Guid(3de5c3a8350eb7d4a8f475d1c542f42b) Importer(815301076,1909f56bfc062723c751e8b465ee728b)  -> (artifact id: 'bab877d14072d180fbd24a8c99d0527e') in 0.021936 seconds 
  Import took 0.087768 seconds .

========================================================================
Received Import Request.
  Time since last request: 98.593629 seconds.
  path: Assets/Scenes
  artifactKey: Guid(7086ae4c77664a444bc02e9fcca2dccd) Importer(815301076,1909f56bfc062723c751e8b465ee728b)
Start importing Assets/Scenes using Guid(7086ae4c77664a444bc02e9fcca2dccd) Importer(815301076,1909f56bfc062723c751e8b465ee728b)  -> (artifact id: 'bceef842948a9a80ea743dfee6b7bf26') in 0.025509 seconds 
  Import took 0.029206 seconds .

========================================================================
Received Import Request.
  Time since last request: 11.440518 seconds.
  path: Assets/Scenes/Castle_2.unity
  artifactKey: Guid(a232cce23d3b0254987437c3c84f52da) Importer(815301076,1909f56bfc062723c751e8b465ee728b)
Start importing Assets/Scenes/Castle_2.unity using Guid(a232cce23d3b0254987437c3c84f52da) Importer(815301076,1909f56bfc062723c751e8b465ee728b)  -> (artifact id: '83957f7f04300908123249fcf85eae3e') in 0.036468 seconds 
  Import took 0.040098 seconds .

AssetImportWorkerClient::OnTransportError - code=2 error=End of file
