Using pre-set license
Built from '2020.3/release' branch; Version is '2020.3.12f1 (b3b2c6512326) revision 11776710'; Using compiler version '192528614'; Build Type 'Release'
OS: 'Windows 10 Home; OS build 19043.1110; Version 2009; 64bit' Language: 'de' Physical Memory: 16226 MB
BatchMode: 1, IsHumanControllingUs: 0, StartBugReporterOnCrash: 0, Is64bit: 1, IsPro: 0

 COMMAND LINE ARGUMENTS:
C:\Program Files\Unity\2020.3.12f1\Editor\Unity.exe
-adb2
-batchMode
-noUpm
-name
AssetImportWorker1
-projectPath
F:/Schule/Fachhochschule Schmalkhalden/8. Semester/AR-VR/VR-AR-Project/unity/VR-AR-Project
-logFile
Logs/AssetImportWorker1.log
-srvPort
57010
Successfully changed project path to: F:/Schule/Fachhochschule Schmalkhalden/8. Semester/AR-VR/VR-AR-Project/unity/VR-AR-Project
F:/Schule/Fachhochschule Schmalkhalden/8. Semester/AR-VR/VR-AR-Project/unity/VR-AR-Project
Using Asset Import Pipeline V2.
Refreshing native plugins compatible for Editor in 35.95 ms, found 5 plugins.
Preloading 0 native plugins for Editor in 0.00 ms.
Initialize engine version: 2020.3.12f1 (b3b2c6512326)
[Subsystems] Discovering subsystems at path C:/Program Files/Unity/2020.3.12f1/Editor/Data/Resources/UnitySubsystems
[Subsystems] Discovering subsystems at path F:/Schule/Fachhochschule Schmalkhalden/8. Semester/AR-VR/VR-AR-Project/unity/VR-AR-Project/Assets
GfxDevice: creating device client; threaded=0
Direct3D:
    Version:  Direct3D 11.0 [level 11.1]
    Renderer: NVIDIA GeForce RTX 2080 Ti (ID=0x1e07)
    Vendor:   
    VRAM:     11049 MB
    Driver:   27.21.14.5671
Initialize mono
Mono path[0] = 'C:/Program Files/Unity/2020.3.12f1/Editor/Data/Managed'
Mono path[1] = 'C:/Program Files/Unity/2020.3.12f1/Editor/Data/MonoBleedingEdge/lib/mono/unityjit'
Mono config path = 'C:/Program Files/Unity/2020.3.12f1/Editor/Data/MonoBleedingEdge/etc'
Using monoOptions --debugger-agent=transport=dt_socket,embedding=1,server=y,suspend=n,address=127.0.0.1:56268
Begin MonoManager ReloadAssembly
Registering precompiled unity dll's ...
Register platform support module: C:/Program Files/Unity/2020.3.12f1/Editor/Data/PlaybackEngines/WindowsStandaloneSupport/UnityEditor.WindowsStandalone.Extensions.dll
Registered in 0.001305 seconds.
Native extension for WindowsStandalone target not found
Refreshing native plugins compatible for Editor in 31.97 ms, found 5 plugins.
Preloading 0 native plugins for Editor in 0.00 ms.
Mono: successfully reloaded assembly
- Completed reload, in  0.765 seconds
Platform modules already initialized, skipping
Registering precompiled user dll's ...
Registered in 0.002975 seconds.
Begin MonoManager ReloadAssembly
Native extension for WindowsStandalone target not found
Refreshing native plugins compatible for Editor in 0.46 ms, found 5 plugins.
Preloading 0 native plugins for Editor in 0.00 ms.
Mono: successfully reloaded assembly
- Completed reload, in  4.458 seconds
Platform modules already initialized, skipping
========================================================================
Worker process is ready to serve import requests
Launched and connected shader compiler UnityShaderCompiler.exe after 0.06 seconds
Refreshing native plugins compatible for Editor in 0.55 ms, found 5 plugins.
Preloading 0 native plugins for Editor in 0.00 ms.
Unloading 2118 Unused Serialized files (Serialized files now loaded: 0)
System memory in use before: 96.1 MB.
System memory in use after: 96.2 MB.

Unloading 88 unused Assets to reduce memory usage. Loaded Objects now: 2550.
Total: 2.340000 ms (FindLiveObjects: 0.190600 ms CreateObjectMapping: 0.064800 ms MarkObjects: 1.949400 ms  DeleteObjects: 0.134100 ms)

AssetImportParameters requested are different than current active one (requested -> active):
  custom:framework-win-MediaFoundation: 216162199b28c13a410421893ffa2e32 -> 
  custom:video-decoder-ogg-theora: a1e56fd34408186e4bbccfd4996cb3dc -> 
  custom:container-muxer-webm: aa71ff27fc2769a1b78a27578f13a17b -> 
  custom:container-demuxer-webm: 4f35f7cbe854078d1ac9338744f61a02 -> 
  custom:container-demuxer-ogg: 62fdf1f143b41e24485cea50d1cbac27 -> 
  custom:video-encoder-webm-vp8: eb34c28f22e8b96e1ab97ce403110664 -> 
  custom:video-decoder-webm-vp8: 9c59270c3fd7afecdb556c50c9e8de78 -> 
  custom:audio-decoder-ogg-vorbis: bf7c407c2cedff20999df2af8eb42d56 -> 
  custom:audio-encoder-webm-vorbis: bf7c407c2cedff20999df2af8eb42d56 -> 
========================================================================
Received Import Request.
  path: Assets/Little_Castle.fbx
  artifactKey: Guid(8a6b67d085ba9544fba2771383ef3d40) Importer(815301076,1909f56bfc062723c751e8b465ee728b)
Start importing Assets/Little_Castle.fbx using Guid(8a6b67d085ba9544fba2771383ef3d40) Importer(815301076,1909f56bfc062723c751e8b465ee728b)  -> (artifact id: 'f67bdf6da2952c7edc44a2380c5b252b') in 0.406665 seconds 
  Import took 0.432443 seconds .

========================================================================
Received Import Request.
  Time since last request: 303.194056 seconds.
  path: Assets/Little_Castle.fbx
  artifactKey: Guid(8a6b67d085ba9544fba2771383ef3d40) Importer(815301076,1909f56bfc062723c751e8b465ee728b)
Start importing Assets/Little_Castle.fbx using Guid(8a6b67d085ba9544fba2771383ef3d40) Importer(815301076,1909f56bfc062723c751e8b465ee728b)  -> (artifact id: 'b4fbc4468ed53ddde1d3113d8829ca0b') in 0.409315 seconds 
  Import took 0.455874 seconds .

========================================================================
Received Import Request.
  Time since last request: 401.138299 seconds.
  path: Assets/Materials/Round_Tower_Mat.mat
  artifactKey: Guid(e5bfa439547d92a4e8cc234efb0b569f) Importer(815301076,1909f56bfc062723c751e8b465ee728b)
Start importing Assets/Materials/Round_Tower_Mat.mat using Guid(e5bfa439547d92a4e8cc234efb0b569f) Importer(815301076,1909f56bfc062723c751e8b465ee728b)  -> (artifact id: '8e415fad7590bf66af81068593dabfb4') in 0.149528 seconds 
  Import took 0.219901 seconds .

========================================================================
Received Import Request.
  Time since last request: 31.123905 seconds.
  path: Assets/Materials/broken_wall_diff_1k.png
  artifactKey: Guid(2d838f4a655a35141aba57ea0380224a) Importer(815301076,1909f56bfc062723c751e8b465ee728b)
Start importing Assets/Materials/broken_wall_diff_1k.png using Guid(2d838f4a655a35141aba57ea0380224a) Importer(815301076,1909f56bfc062723c751e8b465ee728b)  -> (artifact id: '53e00161ce395b4a9df46a991bc10d97') in 0.290446 seconds 
  Import took 0.309414 seconds .

========================================================================
Received Import Request.
  Time since last request: 39.330516 seconds.
  path: Assets/Materials/broken_wall_nor_1k.png
  artifactKey: Guid(557346f693fcef846936db4b23a47413) Importer(815301076,1909f56bfc062723c751e8b465ee728b)
Start importing Assets/Materials/broken_wall_nor_1k.png using Guid(557346f693fcef846936db4b23a47413) Importer(815301076,1909f56bfc062723c751e8b465ee728b)  -> (artifact id: '3c0762e42b8c577c21527e6c35a1dd2d') in 0.274346 seconds 
  Import took 0.277504 seconds .

========================================================================
Received Import Request.
  Time since last request: 2.766507 seconds.
  path: Assets/Materials/broken_wall_rough_1k.png
  artifactKey: Guid(4c51393bef136e3469033601e738c272) Importer(815301076,1909f56bfc062723c751e8b465ee728b)
Start importing Assets/Materials/broken_wall_rough_1k.png using Guid(4c51393bef136e3469033601e738c272) Importer(815301076,1909f56bfc062723c751e8b465ee728b)  -> (artifact id: '807f0cd41d23ffbe30591812b485e40d') in 0.098512 seconds 
  Import took 0.142143 seconds .

========================================================================
Received Import Request.
  Time since last request: 9.492335 seconds.
  path: Assets/Materials/broken_wall_nor_1k.png
  artifactKey: Guid(557346f693fcef846936db4b23a47413) Importer(815301076,1909f56bfc062723c751e8b465ee728b)
Start importing Assets/Materials/broken_wall_nor_1k.png using Guid(557346f693fcef846936db4b23a47413) Importer(815301076,1909f56bfc062723c751e8b465ee728b)  -> (artifact id: '64a6db81c5f4252cf08ac38f835561ef') in 0.113207 seconds 
  Import took 0.155135 seconds .

========================================================================
Received Import Request.
  Time since last request: 62.795565 seconds.
  path: Assets/SteamVR/InteractionSystem/Samples/BuggyBuddy/UI/BuggyUI/blob.png
  artifactKey: Guid(34052ff677e1e0040bfdde61332fac2e) Importer(815301076,1909f56bfc062723c751e8b465ee728b)
Start importing Assets/SteamVR/InteractionSystem/Samples/BuggyBuddy/UI/BuggyUI/blob.png using Guid(34052ff677e1e0040bfdde61332fac2e) Importer(815301076,1909f56bfc062723c751e8b465ee728b)  -> (artifact id: '9a84f903bdadd9f0a2b5d4615a43bb4b') in 0.198273 seconds 
  Import took 0.240109 seconds .

========================================================================
Received Import Request.
  Time since last request: 0.000168 seconds.
  path: Assets/SteamVR/InteractionSystem/Samples/BuggyBuddy/Textures/Buggy_LO_Buggy_Emission.png
  artifactKey: Guid(30117bfc3ff66ef4cbbbe29471780687) Importer(815301076,1909f56bfc062723c751e8b465ee728b)
Start importing Assets/SteamVR/InteractionSystem/Samples/BuggyBuddy/Textures/Buggy_LO_Buggy_Emission.png using Guid(30117bfc3ff66ef4cbbbe29471780687) Importer(815301076,1909f56bfc062723c751e8b465ee728b)  -> (artifact id: '836e840d86cb5517531387bb36cfcee7') in 0.265720 seconds 
  Import took 0.285974 seconds .

========================================================================
Received Import Request.
  Time since last request: 0.000223 seconds.
  path: Assets/SteamVR/InteractionSystem/Samples/BuggyBuddy/Textures/Buggy_LO_Buggy_AlbedoTransparency.png
  artifactKey: Guid(2c2859d9aa48f714b84eb25874ad24e6) Importer(815301076,1909f56bfc062723c751e8b465ee728b)
Start importing Assets/SteamVR/InteractionSystem/Samples/BuggyBuddy/Textures/Buggy_LO_Buggy_AlbedoTransparency.png using Guid(2c2859d9aa48f714b84eb25874ad24e6) Importer(815301076,1909f56bfc062723c751e8b465ee728b)  -> (artifact id: 'bbe777981cd5acc4aca3624ed001ec3e') in 0.221905 seconds 
  Import took 0.224604 seconds .

========================================================================
Received Import Request.
  Time since last request: 0.000206 seconds.
  path: Assets/SteamVR/InteractionSystem/Samples/BuggyBuddy/Textures/Buggy_LO_Buggy_Normal.png
  artifactKey: Guid(1c038cbe6dac00648b2b243005d40029) Importer(815301076,1909f56bfc062723c751e8b465ee728b)
Start importing Assets/SteamVR/InteractionSystem/Samples/BuggyBuddy/Textures/Buggy_LO_Buggy_Normal.png using Guid(1c038cbe6dac00648b2b243005d40029) Importer(815301076,1909f56bfc062723c751e8b465ee728b)  -> (artifact id: '61b87b748d9d884be3e29aa951d917af') in 0.388487 seconds 
  Import took 0.433789 seconds .

========================================================================
Received Import Request.
  Time since last request: 0.000239 seconds.
  path: Assets/SteamVR/Input/Editor/Resources/Icons/BlenderBehaviour_Boolean_Icon.png
  artifactKey: Guid(2f8721c3878282b44bd0c8a689d4788c) Importer(815301076,1909f56bfc062723c751e8b465ee728b)
Start importing Assets/SteamVR/Input/Editor/Resources/Icons/BlenderBehaviour_Boolean_Icon.png using Guid(2f8721c3878282b44bd0c8a689d4788c) Importer(815301076,1909f56bfc062723c751e8b465ee728b)  -> (artifact id: '48a78f0b27fc7c80f5622a81e992679c') in 0.450814 seconds 
  Import took 0.571759 seconds .

========================================================================
Received Import Request.
  Time since last request: 0.000250 seconds.
  path: Assets/SteamVR/InteractionSystem/Samples/BuggyBuddy/UI/BuggyUI/blob.png
  artifactKey: Guid(34052ff677e1e0040bfdde61332fac2e) Importer(815301076,1909f56bfc062723c751e8b465ee728b)
Start importing Assets/SteamVR/InteractionSystem/Samples/BuggyBuddy/UI/BuggyUI/blob.png using Guid(34052ff677e1e0040bfdde61332fac2e) Importer(815301076,1909f56bfc062723c751e8b465ee728b)  -> (artifact id: '9a84f903bdadd9f0a2b5d4615a43bb4b') in 0.195603 seconds 
  Import took 0.198238 seconds .

========================================================================
Received Import Request.
  Time since last request: 0.000215 seconds.
  path: Assets/SteamVR/InteractionSystem/Samples/Textures/checker.png
  artifactKey: Guid(ad562515403c3204cbdc9f1d5f899bfa) Importer(815301076,1909f56bfc062723c751e8b465ee728b)
Start importing Assets/SteamVR/InteractionSystem/Samples/Textures/checker.png using Guid(ad562515403c3204cbdc9f1d5f899bfa) Importer(815301076,1909f56bfc062723c751e8b465ee728b)  -> (artifact id: '38926f44b703d6f5c3d10c4f478f2caa') in 0.243431 seconds 
  Import took 0.267406 seconds .

========================================================================
Received Import Request.
  Time since last request: 0.000201 seconds.
  path: Assets/SteamVR/InteractionSystem/Samples/Models/black_floor_metal_NRM.jpg
  artifactKey: Guid(35f6da91b7f761e45b32d5f613a851cd) Importer(815301076,1909f56bfc062723c751e8b465ee728b)
Start importing Assets/SteamVR/InteractionSystem/Samples/Models/black_floor_metal_NRM.jpg using Guid(35f6da91b7f761e45b32d5f613a851cd) Importer(815301076,1909f56bfc062723c751e8b465ee728b)  -> (artifact id: 'a2383f52567152df9a61f7451d5879d6') in 0.438130 seconds 
  Import took 0.440624 seconds .

========================================================================
Received Import Request.
  Time since last request: 0.000206 seconds.
  path: Assets/SteamVR/Input/Editor/Resources/Icons/BlenderBehaviour_Analog_Icon.png
  artifactKey: Guid(aa701b1f3ae438e469d0ad4f122a0633) Importer(815301076,1909f56bfc062723c751e8b465ee728b)
Start importing Assets/SteamVR/Input/Editor/Resources/Icons/BlenderBehaviour_Analog_Icon.png using Guid(aa701b1f3ae438e469d0ad4f122a0633) Importer(815301076,1909f56bfc062723c751e8b465ee728b)  -> (artifact id: 'b4dd9a9dca475ed5fb154fd5e0b252ff') in 0.263826 seconds 
  Import took 0.266347 seconds .

========================================================================
Received Import Request.
  Time since last request: 0.000188 seconds.
  path: Assets/SteamVR/InteractionSystem/Samples/BuggyBuddy/Textures/Buggy_LO_Buggy_MetallicSmoothness.png
  artifactKey: Guid(a918aa40491fd4848ad52fc1accf4a80) Importer(815301076,1909f56bfc062723c751e8b465ee728b)
Start importing Assets/SteamVR/InteractionSystem/Samples/BuggyBuddy/Textures/Buggy_LO_Buggy_MetallicSmoothness.png using Guid(a918aa40491fd4848ad52fc1accf4a80) Importer(815301076,1909f56bfc062723c751e8b465ee728b)  -> (artifact id: '850939089fdb7e39694fa46978926cbe') in 0.327580 seconds 
  Import took 0.377037 seconds .

========================================================================
Received Import Request.
  Time since last request: 0.000229 seconds.
  path: Assets/SteamVR/Input/Editor/Resources/Icons/BlenderBehaviour_Manual_Icon.png
  artifactKey: Guid(426d721c1fc5bfa418c79dc808856464) Importer(815301076,1909f56bfc062723c751e8b465ee728b)
Start importing Assets/SteamVR/Input/Editor/Resources/Icons/BlenderBehaviour_Manual_Icon.png using Guid(426d721c1fc5bfa418c79dc808856464) Importer(815301076,1909f56bfc062723c751e8b465ee728b)  -> (artifact id: '15ff785bd81ce564690824f58fae8130') in 0.121563 seconds 
  Import took 0.138384 seconds .

========================================================================
Received Import Request.
  Time since last request: 32.958638 seconds.
  path: Assets/Materials/Round_Tower_Mat.mat
  artifactKey: Guid(e5bfa439547d92a4e8cc234efb0b569f) Importer(815301076,1909f56bfc062723c751e8b465ee728b)
Start importing Assets/Materials/Round_Tower_Mat.mat using Guid(e5bfa439547d92a4e8cc234efb0b569f) Importer(815301076,1909f56bfc062723c751e8b465ee728b)  -> (artifact id: '269bd8e244e62f003b5f9fe897ec752b') in 0.132216 seconds 
  Import took 0.242892 seconds .

========================================================================
Received Import Request.
  Time since last request: 8.353055 seconds.
  path: Assets/Materials/Wall_Segmented_Real.mat
  artifactKey: Guid(e5bfa439547d92a4e8cc234efb0b569f) Importer(815301076,1909f56bfc062723c751e8b465ee728b)
Start importing Assets/Materials/Wall_Segmented_Real.mat using Guid(e5bfa439547d92a4e8cc234efb0b569f) Importer(815301076,1909f56bfc062723c751e8b465ee728b)  -> (artifact id: '5faac37820effe5df1a64c9be45b75e9') in 0.101997 seconds 
  Import took 0.154345 seconds .

========================================================================
Received Import Request.
  Time since last request: 42.101633 seconds.
  path: Assets/Materials/Rount_Tower_Mats.mat
  artifactKey: Guid(e5bfa439547d92a4e8cc234efb0b569f) Importer(815301076,1909f56bfc062723c751e8b465ee728b)
Start importing Assets/Materials/Rount_Tower_Mats.mat using Guid(e5bfa439547d92a4e8cc234efb0b569f) Importer(815301076,1909f56bfc062723c751e8b465ee728b)  -> (artifact id: '6ada9259ab52eba7b755cade45e11a24') in 0.090605 seconds 
  Import took 0.116128 seconds .

========================================================================
Received Import Request.
  Time since last request: 6.664685 seconds.
  path: Assets/Materials/Wall_Segmented_Real.mat
  artifactKey: Guid(3f4d0d47e7c589146984775ceae30996) Importer(815301076,1909f56bfc062723c751e8b465ee728b)
Start importing Assets/Materials/Wall_Segmented_Real.mat using Guid(3f4d0d47e7c589146984775ceae30996) Importer(815301076,1909f56bfc062723c751e8b465ee728b)  -> (artifact id: 'bd7514a8b22879a3527f753f4c3a5e02') in 0.075905 seconds 
  Import took 0.079085 seconds .

========================================================================
Received Import Request.
  Time since last request: 4.813795 seconds.
  path: Assets/Materials/Rount_Tower_Mat.mat
  artifactKey: Guid(e5bfa439547d92a4e8cc234efb0b569f) Importer(815301076,1909f56bfc062723c751e8b465ee728b)
Start importing Assets/Materials/Rount_Tower_Mat.mat using Guid(e5bfa439547d92a4e8cc234efb0b569f) Importer(815301076,1909f56bfc062723c751e8b465ee728b)  -> (artifact id: '5285f73c9bb43ef7a13dfe0711c2382f') in 0.120712 seconds 
  Import took 0.123489 seconds .

========================================================================
Received Import Request.
  Time since last request: 378.357215 seconds.
  path: Assets/Little_Castle.fbx
  artifactKey: Guid(8a6b67d085ba9544fba2771383ef3d40) Importer(815301076,1909f56bfc062723c751e8b465ee728b)
Start importing Assets/Little_Castle.fbx using Guid(8a6b67d085ba9544fba2771383ef3d40) Importer(815301076,1909f56bfc062723c751e8b465ee728b)  -> (artifact id: 'dc803bc81248471d59b0428f4e4a90eb') in 0.324689 seconds 
  Import took 0.328418 seconds .

========================================================================
Received Import Request.
  Time since last request: 74.058085 seconds.
  path: Assets/Materials/Wall_Segmented_Real.mat
  artifactKey: Guid(3f4d0d47e7c589146984775ceae30996) Importer(815301076,1909f56bfc062723c751e8b465ee728b)
Start importing Assets/Materials/Wall_Segmented_Real.mat using Guid(3f4d0d47e7c589146984775ceae30996) Importer(815301076,1909f56bfc062723c751e8b465ee728b)  -> (artifact id: '9632995163095bde11c7039ad202ecc1') in 0.161592 seconds 
  Import took 0.174381 seconds .

========================================================================
Received Import Request.
  Time since last request: 10.026998 seconds.
  path: Assets/Materials/Wall_Segmented_Real_Corners.mat
  artifactKey: Guid(6719b45e37db36c47869534dae533e25) Importer(815301076,1909f56bfc062723c751e8b465ee728b)
Start importing Assets/Materials/Wall_Segmented_Real_Corners.mat using Guid(6719b45e37db36c47869534dae533e25) Importer(815301076,1909f56bfc062723c751e8b465ee728b)  -> (artifact id: 'c466ec623af5256d64edeb2beda269d4') in 0.079408 seconds 
  Import took 0.106462 seconds .

========================================================================
Received Import Request.
  Time since last request: 136.212409 seconds.
  path: Assets/Materials/Wood_Comic.mat
  artifactKey: Guid(3a100e6fe88f03941bd14d45dc7ba507) Importer(815301076,1909f56bfc062723c751e8b465ee728b)
Start importing Assets/Materials/Wood_Comic.mat using Guid(3a100e6fe88f03941bd14d45dc7ba507) Importer(815301076,1909f56bfc062723c751e8b465ee728b)  -> (artifact id: '52c4636fffb65f99b3852590d8ffef6a') in 0.114442 seconds 
  Import took 0.117257 seconds .

========================================================================
Received Import Request.
  Time since last request: 105.134422 seconds.
  path: Assets/Materials/GroundDirtRocky006_COL_4K.jpg
  artifactKey: Guid(33c0b7bb98c90b84ea319e0dd8040bd1) Importer(815301076,1909f56bfc062723c751e8b465ee728b)
Start importing Assets/Materials/GroundDirtRocky006_COL_4K.jpg using Guid(33c0b7bb98c90b84ea319e0dd8040bd1) Importer(815301076,1909f56bfc062723c751e8b465ee728b)  -> (artifact id: 'c651f3f0505caff5eb77292289d75362') in 0.085053 seconds 
  Import took 0.087920 seconds .

========================================================================
Received Import Request.
  Time since last request: 5.289320 seconds.
  path: Assets/Materials/GroundDirtRocky006_NRM_4K.jpg
  artifactKey: Guid(c8a70278283ddcf43a4c1ca017aeb8c9) Importer(815301076,1909f56bfc062723c751e8b465ee728b)
Start importing Assets/Materials/GroundDirtRocky006_NRM_4K.jpg using Guid(c8a70278283ddcf43a4c1ca017aeb8c9) Importer(815301076,1909f56bfc062723c751e8b465ee728b)  -> (artifact id: '90c2f90f24739de1309e4ac4125d2535') in 0.181861 seconds 
  Import took 0.203638 seconds .

========================================================================
Received Import Request.
  Time since last request: 7.063083 seconds.
  path: Assets/Materials/Ground.mat
  artifactKey: Guid(a209cd95618d1cf408493cfbb3a909b1) Importer(815301076,1909f56bfc062723c751e8b465ee728b)
Start importing Assets/Materials/Ground.mat using Guid(a209cd95618d1cf408493cfbb3a909b1) Importer(815301076,1909f56bfc062723c751e8b465ee728b)  -> (artifact id: '66caf64e5b6e1ebe864fbad0fd8ec6ba') in 0.127812 seconds 
  Import took 0.130671 seconds .

========================================================================
Received Import Request.
  Time since last request: 8.986644 seconds.
  path: Assets/Materials/GroundDirtRocky006_NRM_4K.jpg
  artifactKey: Guid(c8a70278283ddcf43a4c1ca017aeb8c9) Importer(815301076,1909f56bfc062723c751e8b465ee728b)
Start importing Assets/Materials/GroundDirtRocky006_NRM_4K.jpg using Guid(c8a70278283ddcf43a4c1ca017aeb8c9) Importer(815301076,1909f56bfc062723c751e8b465ee728b)  -> (artifact id: 'e7645b2276106265e71add7af43ccbe3') in 0.115160 seconds 
  Import took 0.118081 seconds .

========================================================================
Received Import Request.
  Time since last request: 77.266738 seconds.
  path: Assets/Materials/GroundDirtRocky006_COL_4K.jpg
  artifactKey: Guid(33c0b7bb98c90b84ea319e0dd8040bd1) Importer(815301076,1909f56bfc062723c751e8b465ee728b)
Start importing Assets/Materials/GroundDirtRocky006_COL_4K.jpg using Guid(33c0b7bb98c90b84ea319e0dd8040bd1) Importer(815301076,1909f56bfc062723c751e8b465ee728b)  -> (artifact id: 'fa00b4de07e0b9a7e84c723e07df60e3') in 0.102929 seconds 
  Import took 0.123964 seconds .

========================================================================
Received Import Request.
  Time since last request: 128.761457 seconds.
  path: Assets/Materials/anim_door.fbx
  artifactKey: Guid(6276fc0d8a491984a971771b819d05a1) Importer(815301076,1909f56bfc062723c751e8b465ee728b)
Start importing Assets/Materials/anim_door.fbx using Guid(6276fc0d8a491984a971771b819d05a1) Importer(815301076,1909f56bfc062723c751e8b465ee728b)  -> (artifact id: '162b4d2ec509f4e0bd75818a2b570ebe') in 0.136575 seconds 
  Import took 0.172348 seconds .

========================================================================
Received Import Request.
  Time since last request: 27.576714 seconds.
  path: Assets/Materials/DoorMedieval.fbx
  artifactKey: Guid(b11b2cea12e948f4593359b8af5cee1b) Importer(815301076,1909f56bfc062723c751e8b465ee728b)
Start importing Assets/Materials/DoorMedieval.fbx using Guid(b11b2cea12e948f4593359b8af5cee1b) Importer(815301076,1909f56bfc062723c751e8b465ee728b)  -> (artifact id: '7e6e4fd866a14871b86c8f8133f547db') in 0.130517 seconds 
  Import took 0.144151 seconds .

========================================================================
Received Import Request.
  Time since last request: 218.587367 seconds.
  path: Assets/Models
  artifactKey: Guid(c3376c0846466c5459101daeb01532f9) Importer(815301076,1909f56bfc062723c751e8b465ee728b)
Start importing Assets/Models using Guid(c3376c0846466c5459101daeb01532f9) Importer(815301076,1909f56bfc062723c751e8b465ee728b)  -> (artifact id: '662ef2b6f120d51431a53e10c1e2d418') in 0.063212 seconds 
  Import took 0.089066 seconds .

========================================================================
Received Import Request.
  Time since last request: 0.004615 seconds.
  path: Assets/Models/box.fbx
  artifactKey: Guid(ae98dd18a15a0214d8a2e676db8c0d2a) Importer(815301076,1909f56bfc062723c751e8b465ee728b)
Start importing Assets/Models/box.fbx using Guid(ae98dd18a15a0214d8a2e676db8c0d2a) Importer(815301076,1909f56bfc062723c751e8b465ee728b)  -> (artifact id: 'a56df77165bbd858543d84902dab7b2d') in 0.345034 seconds 
  Import took 0.396476 seconds .

========================================================================
Received Import Request.
  Time since last request: 0.000231 seconds.
  path: Assets/Models/Revolver_SPEC.png
  artifactKey: Guid(b166da235a104354899bcfaf3f702942) Importer(815301076,1909f56bfc062723c751e8b465ee728b)
Start importing Assets/Models/Revolver_SPEC.png using Guid(b166da235a104354899bcfaf3f702942) Importer(815301076,1909f56bfc062723c751e8b465ee728b)  -> (artifact id: '084e3f60f9fdebe890cca69111192486') in 0.410566 seconds 
  Import took 0.453945 seconds .

========================================================================
Received Import Request.
  Time since last request: 0.000238 seconds.
  path: Assets/Models/Revolver.fbx
  artifactKey: Guid(b07ae102234d44b498fc62b6dfc3e47f) Importer(815301076,1909f56bfc062723c751e8b465ee728b)
Start importing Assets/Models/Revolver.fbx using Guid(b07ae102234d44b498fc62b6dfc3e47f) Importer(815301076,1909f56bfc062723c751e8b465ee728b)  -> (artifact id: 'a2ec4f5159eaf3b65e792624b1ef044a') in 0.888423 seconds 
  Import took 0.916173 seconds .

========================================================================
Received Import Request.
  Time since last request: 0.000192 seconds.
  path: Assets/Models/Stroh_high.fbx
  artifactKey: Guid(6feef6e3afe5e314091aa3374814cff4) Importer(815301076,1909f56bfc062723c751e8b465ee728b)
Start importing Assets/Models/Stroh_high.fbx using Guid(6feef6e3afe5e314091aa3374814cff4) Importer(815301076,1909f56bfc062723c751e8b465ee728b)  -> (artifact id: 'b8346b1d2869214b78dbe0624a41db7d') in 1.058199 seconds 
  Import took 1.112649 seconds .

========================================================================
Received Import Request.
  Time since last request: 0.000223 seconds.
  path: Assets/Models/Stuhl_Tisch_Bank.blend
  artifactKey: Guid(ef1ac4c606d2e5f4a8c5c1610a8a7abd) Importer(815301076,1909f56bfc062723c751e8b465ee728b)
Start importing Assets/Models/Stuhl_Tisch_Bank.blend using Guid(ef1ac4c606d2e5f4a8c5c1610a8a7abd) Importer(815301076,1909f56bfc062723c751e8b465ee728b)  -> (artifact id: 'c8300e743a92706b729005efe69a89ab') in 0.668976 seconds 
  Import took 0.687989 seconds .

========================================================================
Received Import Request.
  Time since last request: 0.000209 seconds.
  path: Assets/Models/Trainingspuppe2.fbx
  artifactKey: Guid(f8a0a730506705e438536c46aea510ba) Importer(815301076,1909f56bfc062723c751e8b465ee728b)
Start importing Assets/Models/Trainingspuppe2.fbx using Guid(f8a0a730506705e438536c46aea510ba) Importer(815301076,1909f56bfc062723c751e8b465ee728b)  -> (artifact id: 'ff00dd11803a2e863aaa4f72a80a380e') in 0.227530 seconds 
  Import took 0.230212 seconds .

========================================================================
Received Import Request.
  Time since last request: 0.000227 seconds.
  path: Assets/Models/weapon_stand.blend
  artifactKey: Guid(dac5cb5e784687c4cb6515e11393fc3a) Importer(815301076,1909f56bfc062723c751e8b465ee728b)
Start importing Assets/Models/weapon_stand.blend using Guid(dac5cb5e784687c4cb6515e11393fc3a) Importer(815301076,1909f56bfc062723c751e8b465ee728b)  -> (artifact id: 'aa4819fa28582cab545aa03d4cce7467') in 1.228168 seconds 
  Import took 1.271559 seconds .

========================================================================
Received Import Request.
  Time since last request: 0.000213 seconds.
  path: Assets/Models/Revolver.png
  artifactKey: Guid(c028a84148470e04a97813b81a06acd1) Importer(815301076,1909f56bfc062723c751e8b465ee728b)
Start importing Assets/Models/Revolver.png using Guid(c028a84148470e04a97813b81a06acd1) Importer(815301076,1909f56bfc062723c751e8b465ee728b)  -> (artifact id: '32b5b81f9bb836468554917f343f205f') in 0.077539 seconds 
  Import took 0.080162 seconds .

========================================================================
Received Import Request.
  Time since last request: 0.000214 seconds.
  path: Assets/Models/materials 1
  artifactKey: Guid(360530955f8badd4a9d7dec3934cbf0f) Importer(815301076,1909f56bfc062723c751e8b465ee728b)
Start importing Assets/Models/materials 1 using Guid(360530955f8badd4a9d7dec3934cbf0f) Importer(815301076,1909f56bfc062723c751e8b465ee728b)  -> (artifact id: 'c2df2f77c913b9ae5f6b6192943cbc17') in 0.021763 seconds 
  Import took 0.061151 seconds .

========================================================================
Received Import Request.
  Time since last request: 0.000249 seconds.
  path: Assets/Models/Trainingspuppe.fbx
  artifactKey: Guid(20f6b378dc69af543b182b4c7bc88ea2) Importer(815301076,1909f56bfc062723c751e8b465ee728b)
Start importing Assets/Models/Trainingspuppe.fbx using Guid(20f6b378dc69af543b182b4c7bc88ea2) Importer(815301076,1909f56bfc062723c751e8b465ee728b)  -> (artifact id: '3088961456671e211d3a0c7529ba0c7f') in 0.899482 seconds 
  Import took 0.902154 seconds .

========================================================================
Received Import Request.
  Time since last request: 0.000245 seconds.
  path: Assets/Models/materials 1/Materials
  artifactKey: Guid(f8ad3f1f2422f7f4db00a7d23d7c666d) Importer(815301076,1909f56bfc062723c751e8b465ee728b)
Start importing Assets/Models/materials 1/Materials using Guid(f8ad3f1f2422f7f4db00a7d23d7c666d) Importer(815301076,1909f56bfc062723c751e8b465ee728b)  -> (artifact id: 'd4ac4e7e27ac9ae1623ecba7223fe7c2') in 0.024675 seconds 
  Import took 0.044811 seconds .

========================================================================
Received Import Request.
  Time since last request: 0.000222 seconds.
  path: Assets/Models/materials 1/Materials/Gold_Coin_Diffuse.mat
  artifactKey: Guid(fbd8c2763e734f14ba645423f70ff881) Importer(815301076,1909f56bfc062723c751e8b465ee728b)
Start importing Assets/Models/materials 1/Materials/Gold_Coin_Diffuse.mat using Guid(fbd8c2763e734f14ba645423f70ff881) Importer(815301076,1909f56bfc062723c751e8b465ee728b)  -> (artifact id: '1eae603c2f69efc05c9d64a8c0225e3f') in 0.503738 seconds 
  Import took 0.517018 seconds .

========================================================================
Received Import Request.
  Time since last request: 0.000238 seconds.
  path: Assets/Models/materials 1/Materials/Gold_Coin_Normal.mat
  artifactKey: Guid(f8d25f89567f32648a20a5c314b7a27e) Importer(815301076,1909f56bfc062723c751e8b465ee728b)
Start importing Assets/Models/materials 1/Materials/Gold_Coin_Normal.mat using Guid(f8d25f89567f32648a20a5c314b7a27e) Importer(815301076,1909f56bfc062723c751e8b465ee728b)  -> (artifact id: 'cb9dcd20a0f2cc45bb034278f1441d76') in 0.236084 seconds 
  Import took 0.296404 seconds .

========================================================================
Received Import Request.
  Time since last request: 0.000258 seconds.
  path: Assets/Models/materials 1/Materials/Gold_Coin.mat
  artifactKey: Guid(840e0700bf921784fb4b8dd4856bb19f) Importer(815301076,1909f56bfc062723c751e8b465ee728b)
Start importing Assets/Models/materials 1/Materials/Gold_Coin.mat using Guid(840e0700bf921784fb4b8dd4856bb19f) Importer(815301076,1909f56bfc062723c751e8b465ee728b)  -> (artifact id: 'b0ab003f331bfc980a28f27aa8e38c9a') in 0.152603 seconds 
  Import took 0.177228 seconds .

========================================================================
Received Import Request.
  Time since last request: 0.000219 seconds.
  path: Assets/Models/medieval_coin.fbx
  artifactKey: Guid(4e5f002745086b9448d7c38203ee3f45) Importer(815301076,1909f56bfc062723c751e8b465ee728b)
Start importing Assets/Models/medieval_coin.fbx using Guid(4e5f002745086b9448d7c38203ee3f45) Importer(815301076,1909f56bfc062723c751e8b465ee728b)  -> (artifact id: '3bf82ddb6b0586ed79f5d9346b9c1228') in 0.136497 seconds 
  Import took 0.139118 seconds .

========================================================================
Received Import Request.
  Time since last request: 0.000228 seconds.
  path: Assets/Models/claymore.fbx
  artifactKey: Guid(24bc2c937168b6f40953fabccc1cc9b0) Importer(815301076,1909f56bfc062723c751e8b465ee728b)
Start importing Assets/Models/claymore.fbx using Guid(24bc2c937168b6f40953fabccc1cc9b0) Importer(815301076,1909f56bfc062723c751e8b465ee728b)  -> (artifact id: '1ac2749f2198890663dfd9786f7dfa86') in 0.266001 seconds 
  Import took 0.312883 seconds .

========================================================================
Received Import Request.
  Time since last request: 0.000219 seconds.
  path: Assets/Models/lightsaber_latestattempt.fbx
  artifactKey: Guid(0215c20ac7a685f43a1ef2938155f2a6) Importer(815301076,1909f56bfc062723c751e8b465ee728b)
Start importing Assets/Models/lightsaber_latestattempt.fbx using Guid(0215c20ac7a685f43a1ef2938155f2a6) Importer(815301076,1909f56bfc062723c751e8b465ee728b)  -> (artifact id: '5359dd05c8570ceeb8af162a6aef6d6c') in 0.250237 seconds 
  Import took 0.291482 seconds .

========================================================================
Received Import Request.
  Time since last request: 0.000229 seconds.
  path: Assets/Models/Revolver_NRM.png
  artifactKey: Guid(62d9dafc875cc2f46b66244a835fc33c) Importer(815301076,1909f56bfc062723c751e8b465ee728b)
Start importing Assets/Models/Revolver_NRM.png using Guid(62d9dafc875cc2f46b66244a835fc33c) Importer(815301076,1909f56bfc062723c751e8b465ee728b)  -> (artifact id: '50e856ad8fa78d6f919a90e8fa1cab90') in 0.218368 seconds 
  Import took 0.270290 seconds .

========================================================================
Received Import Request.
  Time since last request: 0.000231 seconds.
  path: Assets/Models/Fass.blend
  artifactKey: Guid(09e3617297a4d794092fcf429a709a6d) Importer(815301076,1909f56bfc062723c751e8b465ee728b)
Start importing Assets/Models/Fass.blend using Guid(09e3617297a4d794092fcf429a709a6d) Importer(815301076,1909f56bfc062723c751e8b465ee728b)  -> (artifact id: '8ed514f3aa04b04b067561782f84dce3') in 2.456332 seconds 
  Import took 2.506863 seconds .

========================================================================
Received Import Request.
  Time since last request: 18.842814 seconds.
  path: Assets/Materials/Walls+Towers
  artifactKey: Guid(bbaabe5fa52bee040b3216bfdc18b85f) Importer(815301076,1909f56bfc062723c751e8b465ee728b)
Start importing Assets/Materials/Walls+Towers using Guid(bbaabe5fa52bee040b3216bfdc18b85f) Importer(815301076,1909f56bfc062723c751e8b465ee728b)  -> (artifact id: '9e923bcf22c1f3086f4fb45fca21116d') in 0.058861 seconds 
  Import took 0.061783 seconds .

========================================================================
Received Import Request.
  Time since last request: 22.284302 seconds.
  path: Assets/Materials/Grid
  artifactKey: Guid(f8f6ee02ec116524f9a53fd2b9a62d9d) Importer(815301076,1909f56bfc062723c751e8b465ee728b)
Start importing Assets/Materials/Grid using Guid(f8f6ee02ec116524f9a53fd2b9a62d9d) Importer(815301076,1909f56bfc062723c751e8b465ee728b)  -> (artifact id: '15f63ee46578dda7979b06a5be165e86') in 0.033667 seconds 
  Import took 0.036612 seconds .

========================================================================
Received Import Request.
  Time since last request: 0.000574 seconds.
  path: Assets/Materials/Grid
  artifactKey: Guid(f8f6ee02ec116524f9a53fd2b9a62d9d) Importer(815301076,1909f56bfc062723c751e8b465ee728b)
Start importing Assets/Materials/Grid using Guid(f8f6ee02ec116524f9a53fd2b9a62d9d) Importer(815301076,1909f56bfc062723c751e8b465ee728b)  -> (artifact id: '15f63ee46578dda7979b06a5be165e86') in 0.040855 seconds 
  Import took 0.043507 seconds .

========================================================================
Received Import Request.
  Time since last request: 15.144725 seconds.
  path: Assets/Materials/Assets/Wood_Comic.mat
  artifactKey: Guid(3a100e6fe88f03941bd14d45dc7ba507) Importer(815301076,1909f56bfc062723c751e8b465ee728b)
Start importing Assets/Materials/Assets/Wood_Comic.mat using Guid(3a100e6fe88f03941bd14d45dc7ba507) Importer(815301076,1909f56bfc062723c751e8b465ee728b)  -> (artifact id: '4ecc396a8944112557a0dcf54382e7c3') in 0.060835 seconds 
  Import took 0.109352 seconds .

========================================================================
Received Import Request.
  Time since last request: 26.245659 seconds.
  path: Assets/Materials/Ground
  artifactKey: Guid(99982d06f55c2e04e887007a5e507728) Importer(815301076,1909f56bfc062723c751e8b465ee728b)
Start importing Assets/Materials/Ground using Guid(99982d06f55c2e04e887007a5e507728) Importer(815301076,1909f56bfc062723c751e8b465ee728b)  -> (artifact id: '02f359c36168cd0ce705b60f340ad1a2') in 0.036907 seconds 
  Import took 0.091709 seconds .

========================================================================
Received Import Request.
  Time since last request: 43.722647 seconds.
  path: Assets/Materials/Door
  artifactKey: Guid(4e4fb7ba731f4fa4cb9064c3f9ef286e) Importer(815301076,1909f56bfc062723c751e8b465ee728b)
Start importing Assets/Materials/Door using Guid(4e4fb7ba731f4fa4cb9064c3f9ef286e) Importer(815301076,1909f56bfc062723c751e8b465ee728b)  -> (artifact id: '22a53ea9a70d64cd85b1e1b101f78c98') in 0.057460 seconds 
  Import took 0.070811 seconds .

========================================================================
Received Import Request.
  Time since last request: 72.269477 seconds.
  path: Assets/Materials/Door/SM_DoorEntranceCastle_Albedo.png
  artifactKey: Guid(1ba96a4797e8a274ba62b38d30cfa09a) Importer(815301076,1909f56bfc062723c751e8b465ee728b)
Start importing Assets/Materials/Door/SM_DoorEntranceCastle_Albedo.png using Guid(1ba96a4797e8a274ba62b38d30cfa09a) Importer(815301076,1909f56bfc062723c751e8b465ee728b)  -> (artifact id: '18ac636f02b486e3e3534a02c8223f2d') in 0.076116 seconds 
  Import took 0.079107 seconds .

========================================================================
Received Import Request.
  Time since last request: 6.283470 seconds.
  path: Assets/Materials/Door/SM_DoorEntranceCastle_Metallic.png
  artifactKey: Guid(4477d74954f95524eb524ce497b1a361) Importer(815301076,1909f56bfc062723c751e8b465ee728b)
Start importing Assets/Materials/Door/SM_DoorEntranceCastle_Metallic.png using Guid(4477d74954f95524eb524ce497b1a361) Importer(815301076,1909f56bfc062723c751e8b465ee728b)  -> (artifact id: '492bf5d42dea1fe5ead0976534f6abd2') in 0.055748 seconds 
  Import took 0.058750 seconds .

========================================================================
Received Import Request.
  Time since last request: 3.226682 seconds.
  path: Assets/Materials/Door/SM_DoorEntranceCastle_Normal.png
  artifactKey: Guid(45651326790c1e04f929a3de546622d5) Importer(815301076,1909f56bfc062723c751e8b465ee728b)
Start importing Assets/Materials/Door/SM_DoorEntranceCastle_Normal.png using Guid(45651326790c1e04f929a3de546622d5) Importer(815301076,1909f56bfc062723c751e8b465ee728b)  -> (artifact id: '026e325acbda98193bc744f2dc6e8eda') in 0.058780 seconds 
  Import took 0.087357 seconds .

========================================================================
Received Import Request.
  Time since last request: 5.732134 seconds.
  path: Assets/Materials/Door/SM_DoorEntranceCastle_Roughness.png
  artifactKey: Guid(2035da1be992a5040bbbe0cf2a08f235) Importer(815301076,1909f56bfc062723c751e8b465ee728b)
Start importing Assets/Materials/Door/SM_DoorEntranceCastle_Roughness.png using Guid(2035da1be992a5040bbbe0cf2a08f235) Importer(815301076,1909f56bfc062723c751e8b465ee728b)  -> (artifact id: 'f7d8cdc099afc54e11abcb0d23629cea') in 0.136491 seconds 
  Import took 0.140007 seconds .

========================================================================
Received Import Request.
  Time since last request: 0.001354 seconds.
  path: Assets/Materials/Door/SM_DoorEntranceCastle_Roughness.png
  artifactKey: Guid(2035da1be992a5040bbbe0cf2a08f235) Importer(815301076,1909f56bfc062723c751e8b465ee728b)
Start importing Assets/Materials/Door/SM_DoorEntranceCastle_Roughness.png using Guid(2035da1be992a5040bbbe0cf2a08f235) Importer(815301076,1909f56bfc062723c751e8b465ee728b)  -> (artifact id: 'f7d8cdc099afc54e11abcb0d23629cea') in 0.069069 seconds 
  Import took 0.072004 seconds .

========================================================================
Received Import Request.
  Time since last request: 8.065876 seconds.
  path: Assets/Materials/Door/Door.mat
  artifactKey: Guid(be1dcfdc088685a40ae7cb6abb258ec2) Importer(815301076,1909f56bfc062723c751e8b465ee728b)
Start importing Assets/Materials/Door/Door.mat using Guid(be1dcfdc088685a40ae7cb6abb258ec2) Importer(815301076,1909f56bfc062723c751e8b465ee728b)  -> (artifact id: '7a85abc3b6198f1b36c93e6c2c8478cb') in 0.107270 seconds 
  Import took 0.163702 seconds .

========================================================================
Received Import Request.
  Time since last request: 39.627007 seconds.
  path: Assets/Materials/Door/SM_DoorEntranceCastle_Normal.png
  artifactKey: Guid(45651326790c1e04f929a3de546622d5) Importer(815301076,1909f56bfc062723c751e8b465ee728b)
Start importing Assets/Materials/Door/SM_DoorEntranceCastle_Normal.png using Guid(45651326790c1e04f929a3de546622d5) Importer(815301076,1909f56bfc062723c751e8b465ee728b)  -> (artifact id: 'ec8009bb2096edac853c67b19671f678') in 0.119338 seconds 
  Import took 0.179953 seconds .

========================================================================
Received Import Request.
  Time since last request: 37.358749 seconds.
  path: Assets/Materials/Walls+Towers/Wall_Segmented_Real_Corners.mat
  artifactKey: Guid(6719b45e37db36c47869534dae533e25) Importer(815301076,1909f56bfc062723c751e8b465ee728b)
Start importing Assets/Materials/Walls+Towers/Wall_Segmented_Real_Corners.mat using Guid(6719b45e37db36c47869534dae533e25) Importer(815301076,1909f56bfc062723c751e8b465ee728b)  -> (artifact id: 'bb9274da420fdf56e1cd5ea962c32ba4') in 0.378451 seconds 
  Import took 0.426025 seconds .

========================================================================
Received Import Request.
  Time since last request: 136.136180 seconds.
  path: Assets/Materials/Walls+Towers/broken_wall_diff_1k.png
  artifactKey: Guid(2d838f4a655a35141aba57ea0380224a) Importer(815301076,1909f56bfc062723c751e8b465ee728b)
Start importing Assets/Materials/Walls+Towers/broken_wall_diff_1k.png using Guid(2d838f4a655a35141aba57ea0380224a) Importer(815301076,1909f56bfc062723c751e8b465ee728b)  -> (artifact id: 'b0db20bc0976bb5c84e2c5874873bc47') in 0.064483 seconds 
  Import took 0.092387 seconds .

========================================================================
Received Import Request.
  Time since last request: 60.959472 seconds.
  path: Assets/Materials/Walls+Towers/broken_wall_diff_1k.png
  artifactKey: Guid(2d838f4a655a35141aba57ea0380224a) Importer(815301076,1909f56bfc062723c751e8b465ee728b)
Start importing Assets/Materials/Walls+Towers/broken_wall_diff_1k.png using Guid(2d838f4a655a35141aba57ea0380224a) Importer(815301076,1909f56bfc062723c751e8b465ee728b)  -> (artifact id: 'a93400765f640a38625ff90be65f0078') in 0.065675 seconds 
  Import took 0.068870 seconds .

========================================================================
Received Import Request.
  Time since last request: 7.586912 seconds.
  path: Assets/Materials/Ground/Ground.mat
  artifactKey: Guid(a209cd95618d1cf408493cfbb3a909b1) Importer(815301076,1909f56bfc062723c751e8b465ee728b)
Start importing Assets/Materials/Ground/Ground.mat using Guid(a209cd95618d1cf408493cfbb3a909b1) Importer(815301076,1909f56bfc062723c751e8b465ee728b)  -> (artifact id: '7f7b65d2ba067cb21b63e52051301c6e') in 0.086008 seconds 
  Import took 0.089694 seconds .

========================================================================
Received Import Request.
  Time since last request: 114.557475 seconds.
  path: Assets/Materials/Ground/GroundDirtRocky006_COL_4K.jpg
  artifactKey: Guid(33c0b7bb98c90b84ea319e0dd8040bd1) Importer(815301076,1909f56bfc062723c751e8b465ee728b)
Start importing Assets/Materials/Ground/GroundDirtRocky006_COL_4K.jpg using Guid(33c0b7bb98c90b84ea319e0dd8040bd1) Importer(815301076,1909f56bfc062723c751e8b465ee728b)  -> (artifact id: '3cc41ac573b5c3bfe29e0564d70524d9') in 0.065165 seconds 
  Import took 0.102143 seconds .

========================================================================
Received Import Request.
  Time since last request: 17.852001 seconds.
  path: Assets/Materials/Ground/GroundDirtRocky006_COL_4K.jpg
  artifactKey: Guid(33c0b7bb98c90b84ea319e0dd8040bd1) Importer(815301076,1909f56bfc062723c751e8b465ee728b)
Start importing Assets/Materials/Ground/GroundDirtRocky006_COL_4K.jpg using Guid(33c0b7bb98c90b84ea319e0dd8040bd1) Importer(815301076,1909f56bfc062723c751e8b465ee728b)  -> (artifact id: '328c7be69dd3f12259dfef355eeb6d50') in 0.075155 seconds 
  Import took 0.078166 seconds .

========================================================================
Received Import Request.
  Time since last request: 500.643935 seconds.
  path: Assets/Materials/Grid/Wood_Comic.mat
  artifactKey: Guid(3a100e6fe88f03941bd14d45dc7ba507) Importer(815301076,1909f56bfc062723c751e8b465ee728b)
Start importing Assets/Materials/Grid/Wood_Comic.mat using Guid(3a100e6fe88f03941bd14d45dc7ba507) Importer(815301076,1909f56bfc062723c751e8b465ee728b)  -> (artifact id: 'a75baf497f6e464855ba88b4940ae408') in 0.054763 seconds 
  Import took 0.058317 seconds .

========================================================================
Received Import Request.
  Time since last request: 109.724020 seconds.
  path: Assets/Materials/Wood.mat
  artifactKey: Guid(1789dd587a780504aa4e073d5cb094da) Importer(815301076,1909f56bfc062723c751e8b465ee728b)
Start importing Assets/Materials/Wood.mat using Guid(1789dd587a780504aa4e073d5cb094da) Importer(815301076,1909f56bfc062723c751e8b465ee728b)  -> (artifact id: '62baab96ff05a66e5438848e1600f8f6') in 0.092273 seconds 
  Import took 0.107847 seconds .

========================================================================
Received Import Request.
  Time since last request: 39.124346 seconds.
  path: Assets/Materials/woodplank2.jpeg
  artifactKey: Guid(07bbe8e6d8d7aaa418a61f9da5d3c68f) Importer(815301076,1909f56bfc062723c751e8b465ee728b)
Start importing Assets/Materials/woodplank2.jpeg using Guid(07bbe8e6d8d7aaa418a61f9da5d3c68f) Importer(815301076,1909f56bfc062723c751e8b465ee728b)  -> (artifact id: 'd576873fda8114908f805665ec20afa6') in 0.070702 seconds 
  Import took 0.083611 seconds .

========================================================================
Received Import Request.
  Time since last request: 0.000221 seconds.
  path: Assets/Materials/woodplank2bump1.jpeg
  artifactKey: Guid(1ef9bae7ef40d7a4fba0a8cae5efd342) Importer(815301076,1909f56bfc062723c751e8b465ee728b)
Start importing Assets/Materials/woodplank2bump1.jpeg using Guid(1ef9bae7ef40d7a4fba0a8cae5efd342) Importer(815301076,1909f56bfc062723c751e8b465ee728b)  -> (artifact id: '4c8cc29758fd19eceb2f7e984807b6ac') in 0.056925 seconds 
  Import took 0.059688 seconds .

========================================================================
Received Import Request.
  Time since last request: 9.715136 seconds.
  path: Assets/Materials/woodplank2bump1.jpeg
  artifactKey: Guid(1ef9bae7ef40d7a4fba0a8cae5efd342) Importer(815301076,1909f56bfc062723c751e8b465ee728b)
Start importing Assets/Materials/woodplank2bump1.jpeg using Guid(1ef9bae7ef40d7a4fba0a8cae5efd342) Importer(815301076,1909f56bfc062723c751e8b465ee728b)  -> (artifact id: '68cb6e7f213a9c9bd8450343081c3b81') in 0.112879 seconds 
  Import took 0.126217 seconds .

========================================================================
Received Import Request.
  Time since last request: 0.007073 seconds.
  path: Assets/Materials/woodplank2bump1.jpeg
  artifactKey: Guid(1ef9bae7ef40d7a4fba0a8cae5efd342) Importer(815301076,1909f56bfc062723c751e8b465ee728b)
Start importing Assets/Materials/woodplank2bump1.jpeg using Guid(1ef9bae7ef40d7a4fba0a8cae5efd342) Importer(815301076,1909f56bfc062723c751e8b465ee728b)  -> (artifact id: '68cb6e7f213a9c9bd8450343081c3b81') in 0.107131 seconds 
  Import took 0.110218 seconds .

========================================================================
Received Import Request.
  Time since last request: 127.669374 seconds.
  path: Assets/Materials/Wood.mat
  artifactKey: Guid(1789dd587a780504aa4e073d5cb094da) Importer(815301076,1909f56bfc062723c751e8b465ee728b)
Start importing Assets/Materials/Wood.mat using Guid(1789dd587a780504aa4e073d5cb094da) Importer(815301076,1909f56bfc062723c751e8b465ee728b)  -> (artifact id: 'c92f119517eac7b8d30f83b492ae00d1') in 0.069833 seconds 
  Import took 0.124383 seconds .

========================================================================
Received Import Request.
  Time since last request: 725.361357 seconds.
  path: Assets/Scenes/Castle_2.unity
  artifactKey: Guid(a232cce23d3b0254987437c3c84f52da) Importer(815301076,1909f56bfc062723c751e8b465ee728b)
Start importing Assets/Scenes/Castle_2.unity using Guid(a232cce23d3b0254987437c3c84f52da) Importer(815301076,1909f56bfc062723c751e8b465ee728b)  -> (artifact id: '68f50801b0f602e4849c1d02bea454ce') in 0.085288 seconds 
  Import took 0.088677 seconds .

========================================================================
Received Import Request.
  Time since last request: 29.088610 seconds.
  path: Assets/Scenes/Castle_2.unity
  artifactKey: Guid(a232cce23d3b0254987437c3c84f52da) Importer(815301076,1909f56bfc062723c751e8b465ee728b)
Start importing Assets/Scenes/Castle_2.unity using Guid(a232cce23d3b0254987437c3c84f52da) Importer(815301076,1909f56bfc062723c751e8b465ee728b)  -> (artifact id: 'fd7f99de749d97432a604c41ca551a84') in 0.035265 seconds 
  Import took 0.111741 seconds .

========================================================================
Received Import Request.
  Time since last request: 132.930333 seconds.
  path: Assets/Scenes/Castle_2.unity
  artifactKey: Guid(a232cce23d3b0254987437c3c84f52da) Importer(815301076,1909f56bfc062723c751e8b465ee728b)
Start importing Assets/Scenes/Castle_2.unity using Guid(a232cce23d3b0254987437c3c84f52da) Importer(815301076,1909f56bfc062723c751e8b465ee728b)  -> (artifact id: '863d79914151017f662bd9250a456cc7') in 0.033751 seconds 
  Import took 0.431804 seconds .

AssetImportWorkerClient::OnTransportError - code=2 error=End of file
