Using pre-set license
Built from '2020.3/release' branch; Version is '2020.3.12f1 (b3b2c6512326) revision 11776710'; Using compiler version '192528614'; Build Type 'Release'
OS: 'Windows 10 Pro; OS build 19042.1083; Version 2009; 64bit' Language: 'de' Physical Memory: 16313 MB
BatchMode: 1, IsHumanControllingUs: 0, StartBugReporterOnCrash: 0, Is64bit: 1, IsPro: 0

 COMMAND LINE ARGUMENTS:
T:\UnityHub\2020.3.12f1\Editor\Unity.exe
-adb2
-batchMode
-noUpm
-name
AssetImportWorker0
-projectPath
T:/GitHub#/VR-AR-Project/unity/VR-AR-Project
-logFile
Logs/AssetImportWorker0.log
-srvPort
59347
Successfully changed project path to: T:/GitHub#/VR-AR-Project/unity/VR-AR-Project
T:/GitHub#/VR-AR-Project/unity/VR-AR-Project
Using Asset Import Pipeline V2.
Refreshing native plugins compatible for Editor in 45.94 ms, found 5 plugins.
Preloading 0 native plugins for Editor in 0.00 ms.
Initialize engine version: 2020.3.12f1 (b3b2c6512326)
[Subsystems] Discovering subsystems at path T:/UnityHub/2020.3.12f1/Editor/Data/Resources/UnitySubsystems
[Subsystems] Discovering subsystems at path T:/GitHub#/VR-AR-Project/unity/VR-AR-Project/Assets
GfxDevice: creating device client; threaded=0
Direct3D:
    Version:  Direct3D 11.0 [level 11.1]
    Renderer: NVIDIA GeForce GTX 1660 SUPER (ID=0x21c4)
    Vendor:   
    VRAM:     5991 MB
    Driver:   27.21.14.6611
Initialize mono
Mono path[0] = 'T:/UnityHub/2020.3.12f1/Editor/Data/Managed'
Mono path[1] = 'T:/UnityHub/2020.3.12f1/Editor/Data/MonoBleedingEdge/lib/mono/unityjit'
Mono config path = 'T:/UnityHub/2020.3.12f1/Editor/Data/MonoBleedingEdge/etc'
Using monoOptions --debugger-agent=transport=dt_socket,embedding=1,server=y,suspend=n,address=127.0.0.1:56244
Begin MonoManager ReloadAssembly
Registering precompiled unity dll's ...
Register platform support module: T:/UnityHub/2020.3.12f1/Editor/Data/PlaybackEngines/WindowsStandaloneSupport/UnityEditor.WindowsStandalone.Extensions.dll
Registered in 0.000924 seconds.
Native extension for WindowsStandalone target not found
Refreshing native plugins compatible for Editor in 38.33 ms, found 5 plugins.
Preloading 0 native plugins for Editor in 0.00 ms.
Mono: successfully reloaded assembly
- Completed reload, in  0.699 seconds
Platform modules already initialized, skipping
Registering precompiled user dll's ...
Registered in 0.003148 seconds.
Begin MonoManager ReloadAssembly
Native extension for WindowsStandalone target not found
Refreshing native plugins compatible for Editor in 0.62 ms, found 5 plugins.
Preloading 0 native plugins for Editor in 0.00 ms.
Mono: successfully reloaded assembly
- Completed reload, in  0.956 seconds
Platform modules already initialized, skipping
========================================================================
Worker process is ready to serve import requests
Launched and connected shader compiler UnityShaderCompiler.exe after 0.04 seconds
Refreshing native plugins compatible for Editor in 0.88 ms, found 5 plugins.
Preloading 0 native plugins for Editor in 0.00 ms.
Unloading 2117 Unused Serialized files (Serialized files now loaded: 0)
System memory in use before: 95.2 MB.
System memory in use after: 95.3 MB.

Unloading 88 unused Assets to reduce memory usage. Loaded Objects now: 2545.
Total: 3.933900 ms (FindLiveObjects: 0.514700 ms CreateObjectMapping: 0.069700 ms MarkObjects: 3.163100 ms  DeleteObjects: 0.184700 ms)

AssetImportParameters requested are different than current active one (requested -> active):
  custom:framework-win-MediaFoundation: 216162199b28c13a410421893ffa2e32 -> 
  custom:video-decoder-ogg-theora: a1e56fd34408186e4bbccfd4996cb3dc -> 
  custom:container-muxer-webm: aa71ff27fc2769a1b78a27578f13a17b -> 
  custom:container-demuxer-webm: 4f35f7cbe854078d1ac9338744f61a02 -> 
  custom:container-demuxer-ogg: 62fdf1f143b41e24485cea50d1cbac27 -> 
  custom:video-encoder-webm-vp8: eb34c28f22e8b96e1ab97ce403110664 -> 
  custom:video-decoder-webm-vp8: 9c59270c3fd7afecdb556c50c9e8de78 -> 
  custom:audio-decoder-ogg-vorbis: bf7c407c2cedff20999df2af8eb42d56 -> 
  custom:audio-encoder-webm-vorbis: bf7c407c2cedff20999df2af8eb42d56 -> 
========================================================================
Received Import Request.
  path: Assets/environment.fbx
  artifactKey: Guid(b3f56b4f75cb67346bc4377d906975ac) Importer(815301076,1909f56bfc062723c751e8b465ee728b)
Start importing Assets/environment.fbx using Guid(b3f56b4f75cb67346bc4377d906975ac) Importer(815301076,1909f56bfc062723c751e8b465ee728b)  -> (artifact id: '3c5ee88f44279cf47cdf335d637d4a59') in 0.305203 seconds 
  Import took 0.308572 seconds .

========================================================================
Received Import Request.
  Time since last request: 0.000203 seconds.
  path: Assets/castle.fbx
  artifactKey: Guid(844b8043d1ccb7c4cb3e076b5dd37bd2) Importer(815301076,1909f56bfc062723c751e8b465ee728b)
Start importing Assets/castle.fbx using Guid(844b8043d1ccb7c4cb3e076b5dd37bd2) Importer(815301076,1909f56bfc062723c751e8b465ee728b)  -> (artifact id: '8568ec47789c342f5201e1875cc13486') in 0.313301 seconds 
  Import took 0.316693 seconds .

========================================================================
Received Import Request.
  Time since last request: 0.000180 seconds.
  path: Assets/spear.fbx
  artifactKey: Guid(e86ef1d4b88459d49932ed2b1bd41689) Importer(815301076,1909f56bfc062723c751e8b465ee728b)
Start importing Assets/spear.fbx using Guid(e86ef1d4b88459d49932ed2b1bd41689) Importer(815301076,1909f56bfc062723c751e8b465ee728b)  -> (artifact id: '601df7d3e0ef7242b6904640b8c36f73') in 0.186424 seconds 
  Import took 0.189593 seconds .

========================================================================
Received Import Request.
  Time since last request: 56.309925 seconds.
  path: Assets/Scenes
  artifactKey: Guid(7086ae4c77664a444bc02e9fcca2dccd) Importer(815301076,1909f56bfc062723c751e8b465ee728b)
Start importing Assets/Scenes using Guid(7086ae4c77664a444bc02e9fcca2dccd) Importer(815301076,1909f56bfc062723c751e8b465ee728b)  -> (artifact id: 'c3672e6a8cb398b3615c09818b7e00c7') in 0.005847 seconds 
  Import took 0.009347 seconds .

========================================================================
Received Import Request.
  Time since last request: 3.235497 seconds.
  path: Assets/Scenes/Castle_Prototype.unity
  artifactKey: Guid(6ddda6d4f78a375469387d0d8c84edd3) Importer(815301076,1909f56bfc062723c751e8b465ee728b)
Start importing Assets/Scenes/Castle_Prototype.unity using Guid(6ddda6d4f78a375469387d0d8c84edd3) Importer(815301076,1909f56bfc062723c751e8b465ee728b)  -> (artifact id: '3d9b6c949de5ef4e1f77efd762613996') in 0.006318 seconds 
  Import took 0.009575 seconds .

AssetImportWorkerClient::OnTransportError - code=2 error=End of file
